I190603 14:19:53.117882 1 util/log/clog.go:1199  [config] file created at: 2019/06/03 14:19:53
I190603 14:19:53.117882 1 util/log/clog.go:1199  [config] running on machine: LAPTOP-8LU1DH0A
I190603 14:19:53.117882 1 util/log/clog.go:1199  [config] binary: CockroachDB CCL v19.1.1 (x86_64-w64-mingw32, built 2019/05/15 20:36:28, go1.11.6)
I190603 14:19:53.117882 1 util/log/clog.go:1199  [config] arguments: [cockroach start]
I190603 14:19:53.117882 1 util/log/clog.go:1199  line format: [IWEF]yymmdd hh:mm:ss.uuuuuu goid file:line msg utf8=✓
I190603 14:19:53.117880 1 cli/start.go:1033  logging to directory C:\Users\anita\cockroach-data\logs
W190603 14:19:53.168169 1 cli/start.go:944  Using the default setting for --cache (128 MiB).
  A significantly larger value is usually needed for good performance.
  If you have a dedicated server a reasonable setting is --cache=.25 (3.0 GiB).
W190603 14:19:53.168225 1 cli/start.go:957  Using the default setting for --max-sql-memory (128 MiB).
  A significantly larger value is usually needed in production.
  If you have a dedicated server a reasonable setting is --max-sql-memory=.25 (3.0 GiB).
I190603 14:19:53.168236 1 cli/start.go:1082  CockroachDB CCL v19.1.1 (x86_64-w64-mingw32, built 2019/05/15 20:36:28, go1.11.6)
I190603 14:19:53.276093 1 server/config.go:386  system total memory: 12 GiB
I190603 14:19:53.276146 1 server/config.go:388  server configuration:
max offset             500000000
cache size             128 MiB
SQL memory pool size   128 MiB
scan interval          10m0s
scan min idle time     10ms
scan max idle time     1s
event log enabled      true
I190603 14:19:53.276170 1 cli/start.go:929  process identity: uid S-1-5-21-1277130278-1379351995-3284735411-1001, gid S-1-5-21-1277130278-1379351995-3284735411-1001
I190603 14:19:53.276189 1 cli/start.go:554  starting cockroach node
E190603 14:19:53.421965 1 cli/error.go:229  cannot load certificates.
Check your certificate settings, set --certs-dir, or use --insecure for insecure clusters.

problem with CA certificate: not found
Error: cannot load certificates.
Check your certificate settings, set --certs-dir, or use --insecure for insecure clusters.

problem with CA certificate: not found
