I190606 21:31:13.495832 1 util/log/clog.go:1199  [config] file created at: 2019/06/06 21:31:13
I190606 21:31:13.495832 1 util/log/clog.go:1199  [config] running on machine: LAPTOP-8LU1DH0A
I190606 21:31:13.495832 1 util/log/clog.go:1199  [config] binary: CockroachDB CCL v19.1.1 (x86_64-w64-mingw32, built 2019/05/15 20:36:28, go1.11.6)
I190606 21:31:13.495832 1 util/log/clog.go:1199  [config] arguments: [cockroach start --insecure]
I190606 21:31:13.495832 1 util/log/clog.go:1199  line format: [IWEF]yymmdd hh:mm:ss.uuuuuu goid file:line msg utf8=✓
I190606 21:31:13.495829 1 cli/start.go:1033  logging to directory C:\Users\anita\cockroach-data\logs
W190606 21:31:13.497637 1 cli/start.go:1068  RUNNING IN INSECURE MODE!

- Your cluster is open for any client that can access <all your IP addresses>.
- Any user, even root, can log in without providing a password.
- Any user, connecting as root, can read or write any data in your cluster.
- There is no network encryption nor authentication, and thus no confidentiality.

Check out how to secure your cluster: https://www.cockroachlabs.com/docs/v19.1/secure-a-cluster.html
W190606 21:31:13.545233 1 cli/start.go:944  Using the default setting for --cache (128 MiB).
  A significantly larger value is usually needed for good performance.
  If you have a dedicated server a reasonable setting is --cache=.25 (3.0 GiB).
W190606 21:31:13.545278 1 cli/start.go:957  Using the default setting for --max-sql-memory (128 MiB).
  A significantly larger value is usually needed in production.
  If you have a dedicated server a reasonable setting is --max-sql-memory=.25 (3.0 GiB).
I190606 21:31:13.545290 1 cli/start.go:1082  CockroachDB CCL v19.1.1 (x86_64-w64-mingw32, built 2019/05/15 20:36:28, go1.11.6)
I190606 21:31:13.654017 1 server/config.go:386  system total memory: 12 GiB
I190606 21:31:13.654084 1 server/config.go:388  server configuration:
max offset             500000000
cache size             128 MiB
SQL memory pool size   128 MiB
scan interval          10m0s
scan min idle time     10ms
scan max idle time     1s
event log enabled      true
I190606 21:31:13.654112 1 cli/start.go:929  process identity: uid S-1-5-21-1277130278-1379351995-3284735411-1001, gid S-1-5-21-1277130278-1379351995-3284735411-1001
I190606 21:31:13.654129 1 cli/start.go:554  starting cockroach node
I190606 21:31:13.684600 84 storage/engine/rocksdb.go:613  opening rocksdb instance at "C:\\Users\\anita\\cockroach-data\\cockroach-temp348829463"
I190606 21:31:14.142839 84 server/server.go:879  [n?] monitoring forward clock jumps based on server.clock.forward_jump_check_enabled
I190606 21:31:14.143902 84 storage/engine/rocksdb.go:613  opening rocksdb instance at "C:\\Users\\anita\\cockroach-data"
I190606 21:31:14.369950 84 server/config.go:494  [n?] 1 storage engine initialized
I190606 21:31:14.369966 84 server/config.go:497  [n?] RocksDB cache size: 128 MiB
I190606 21:31:14.369972 84 server/config.go:497  [n?] store 0: RocksDB, max size 0 B, max open file limit 10000
W190606 21:31:14.420698 84 cli/start.go:896  neither --listen-addr nor --advertise-addr was specified.
The server will advertise "LAPTOP-8LU1DH0A" to other nodes, is this routable?

Consider using:
- for local-only servers:  --listen-addr=localhost
- for multi-node clusters: --advertise-addr=<host/IP addr>
I190606 21:31:14.463997 84 server/server.go:929  [n?] Sleeping till wall time 1559856674463944200 to catches up to 1559856674642795601 to ensure monotonicity. Delta: 178.851401ms
I190606 21:31:14.644449 84 gossip/gossip.go:392  [n1] NodeDescriptor set to node_id:1 address:<network_field:"tcp" address_field:"LAPTOP-8LU1DH0A:26257" > attrs:<> locality:<> ServerVersion:<major_val:19 minor_val:1 patch:0 unstable:0 > build_tag:"v19.1.1" started_at:1559856674644187000 
W190606 21:31:14.677243 228 storage/replica_range_lease.go:506  can't determine lease status due to node liveness error: node not in the liveness table
W190606 21:31:14.677301 228 storage/store.go:1525  [n1,s1,r6/1:/Table/{SystemCon…-11}] could not gossip system config: [NotLeaseHolderError] r6: replica (n1,s1):1 not lease holder; lease holder unknown
I190606 21:31:14.680970 84 server/node.go:461  [n1] initialized store [n1,s1]: disk (capacity=930 GiB, available=808 GiB, used=18 MiB, logicalBytes=63 MiB), ranges=25, leases=0, queries=0.00, writes=0.00, bytesPerReplica={p10=0.00 p25=0.00 p50=1681.00 p75=13547.00 p90=37538.00 pMax=34217617.00}, writesPerReplica={p10=0.00 p25=0.00 p50=0.00 p75=0.00 p90=0.00 pMax=0.00}
I190606 21:31:14.681062 84 storage/stores.go:244  [n1] read 0 node addresses from persistent storage
W190606 21:31:14.724331 228 storage/store.go:1525  [n1,s1,r6/1:/Table/{SystemCon…-11}] could not gossip system config: [NotLeaseHolderError] r6: replica (n1,s1):1 not lease holder; lease holder unknown
I190606 21:31:14.808101 84 server/node.go:699  [n1] connecting to gossip network to verify cluster ID...
I190606 21:31:14.808245 84 server/node.go:719  [n1] node connected via gossip and verified as part of cluster "8ca7bf97-0dc5-4ba4-9c59-0796159e4e38"
I190606 21:31:14.808621 84 server/node.go:542  [n1] node=1: started with [<no-attributes>=C:\Users\anita\cockroach-data] engine(s) and attributes []
I190606 21:31:14.809349 84 server/server.go:1585  [n1] starting http server at [::]:8080 (use: LAPTOP-8LU1DH0A:8080)
I190606 21:31:14.809376 84 server/server.go:1587  [n1] starting grpc/postgres server at [::]:26257
I190606 21:31:14.809496 84 server/server.go:1588  [n1] advertising CockroachDB node at LAPTOP-8LU1DH0A:26257
W190606 21:31:14.809598 84 jobs/registry.go:341  [n1] unable to get node liveness: node not in the liveness table
I190606 21:31:15.139654 84 server/server.go:1653  [n1] done ensuring all necessary migrations have run
I190606 21:31:15.139675 84 server/server.go:1656  [n1] serving sql connections
I190606 21:31:15.139874 84 cli/start.go:689  [config] clusterID: 8ca7bf97-0dc5-4ba4-9c59-0796159e4e38
I190606 21:31:15.139905 84 cli/start.go:697  node startup completed:
CockroachDB node starting at 2019-06-06 21:31:15.1397737 +0000 UTC (took 1.6s)
build:               CCL v19.1.1 @ 2019/05/15 20:36:28 (go1.11.6)
webui:               http://LAPTOP-8LU1DH0A:8080
sql:                 postgresql://root@LAPTOP-8LU1DH0A:26257?sslmode=disable
client flags:        cockroach <client cmd> --host=LAPTOP-8LU1DH0A:26257 --insecure
logs:                C:\Users\anita\cockroach-data\logs
temp dir:            C:\Users\anita\cockroach-data\cockroach-temp348829463
external I/O path:   C:\Users\anita\cockroach-data\extern
store[0]:            path=C:\Users\anita\cockroach-data
status:              restarted pre-existing node
clusterID:           8ca7bf97-0dc5-4ba4-9c59-0796159e4e38
nodeID:              1
I190606 21:31:15.236608 275 server/server_update.go:67  [n1] no need to upgrade, cluster already at the newest version
I190606 21:31:15.533259 278 sql/event_log.go:135  [n1] Event: "node_restart", target: 1, info: {Descriptor:{NodeID:1 Address:LAPTOP-8LU1DH0A:26257 Attrs: Locality: ServerVersion:19.1 BuildTag:v19.1.1 StartedAt:1559856674644187000 LocalityAddress:[] XXX_NoUnkeyedLiteral:{} XXX_sizecache:0} ClusterID:8ca7bf97-0dc5-4ba4-9c59-0796159e4e38 StartedAt:1559856674644187000 LastUp:1559856216666041300}
I190606 21:31:16.257712 62 gossip/gossip.go:1510  [n1] node has connected to cluster via gossip
I190606 21:31:16.257841 62 storage/stores.go:263  [n1] wrote 0 node addresses to persistent storage
W190606 21:31:24.810564 155 server/status/runtime.go:423  [n1] unable to get file descriptor usage (will not try again): not implemented on windows
I190606 21:31:24.811599 150 storage/store.go:4204  [n1,s1] sstables (read amplification = 1):
6 [ 10M 3 ]: 4M[2] 2M
I190606 21:31:24.811695 150 storage/store.go:4205  [n1,s1] 
** Compaction Stats [default] **
Level    Files   Size     Score Read(GB)  Rn(GB) Rnp1(GB) Write(GB) Wnew(GB) Moved(GB) W-Amp Rd(MB/s) Wr(MB/s) Comp(sec) Comp(cnt) Avg(sec) KeyIn KeyDrop
----------------------------------------------------------------------------------------------------------------------------------------------------------
  L0      0/0    0.00 KB   0.0      0.0     0.0      0.0       0.0      0.0       0.0   1.0      0.0      0.7         0         1    0.097       0      0
  L6      3/0    9.74 MB   0.0      0.0     0.0      0.0       0.0      0.0       0.0  29.2      5.6      5.6         2         1    1.752     36K   4724
 Sum      3/0    9.74 MB   0.0      0.0     0.0      0.0       0.0      0.0       0.0 137.9      5.3      5.3         2         2    0.925     36K   4724
 Int      0/0    0.00 KB   0.0      0.0     0.0      0.0       0.0      0.0       0.0 137.9      5.3      5.3         2         2    0.925     36K   4724
Uptime(secs): 10.7 total, 10.7 interval
Flush(GB): cumulative 0.000, interval 0.000
AddFile(GB): cumulative 0.000, interval 0.000
AddFile(Total Files): cumulative 0, interval 0
AddFile(L0 Files): cumulative 0, interval 0
AddFile(Keys): cumulative 0, interval 0
Cumulative compaction: 0.01 GB write, 0.92 MB/s write, 0.01 GB read, 0.92 MB/s read, 1.8 seconds
Interval compaction: 0.01 GB write, 0.92 MB/s write, 0.01 GB read, 0.92 MB/s read, 1.8 seconds
Stalls(count): 0 level0_slowdown, 0 level0_slowdown_with_compaction, 0 level0_numfiles, 0 level0_numfiles_with_compaction, 0 stop for pending_compaction_bytes, 0 slowdown for pending_compaction_bytes, 0 memtable_compaction, 0 memtable_slowdown, interval 0 total count
estimated_pending_compaction_bytes: 0 B
I190606 21:31:25.101438 155 server/status/runtime.go:500  [n1] runtime stats: 109 MiB RSS, 173 goroutines, 81 MiB/528 KiB/95 MiB GO alloc/idle/total, 20 MiB/24 MiB CGO alloc/total, 0.0 CGO/sec, 0.0/0.0 %(u/s)time, 0.0 %gc (9x), 17 KiB/14 KiB (r/w)net
I190606 21:31:29.677338 235 storage/compactor/compactor.go:329  [n1,s1,compactor] purging suggested compaction for range /System/tsd/cr.store.queue.replicate.pending/1/10s/2019-06-03T12:00:00Z - /System/"tse" that contains live data
I190606 21:31:35.411387 155 server/status/runtime.go:500  [n1] runtime stats: 117 MiB RSS, 173 goroutines, 88 MiB/1.6 MiB/103 MiB GO alloc/idle/total, 21 MiB/25 MiB CGO alloc/total, 370.6 CGO/sec, 0.9/0.6 %(u/s)time, 0.0 %gc (0x), 868 B/527 B (r/w)net
I190606 21:31:45.716764 155 server/status/runtime.go:500  [n1] runtime stats: 126 MiB RSS, 174 goroutines, 95 MiB/2.4 MiB/111 MiB GO alloc/idle/total, 22 MiB/27 MiB CGO alloc/total, 475.6 CGO/sec, 0.8/0.5 %(u/s)time, 0.0 %gc (0x), 38 KiB/37 KiB (r/w)net
I190606 21:31:56.016526 155 server/status/runtime.go:500  [n1] runtime stats: 137 MiB RSS, 174 goroutines, 102 MiB/560 KiB/115 MiB GO alloc/idle/total, 22 MiB/27 MiB CGO alloc/total, 211.4 CGO/sec, 0.5/0.5 %(u/s)time, 0.0 %gc (0x), 1.3 KiB/4.6 KiB (r/w)net
I190606 21:32:06.313244 155 server/status/runtime.go:500  [n1] runtime stats: 144 MiB RSS, 174 goroutines, 108 MiB/2.4 MiB/124 MiB GO alloc/idle/total, 22 MiB/28 MiB CGO alloc/total, 185.7 CGO/sec, 0.5/0.1 %(u/s)time, 0.0 %gc (0x), 1.5 KiB/1.2 KiB (r/w)net
I190606 21:32:14.815678 151 gossip/gossip.go:557  [n1] gossip status (ok, 1 node)
gossip client (0/3 cur/max conns)
gossip server (0/3 cur/max conns, infos 0/0 sent/received, bytes 0B/0B sent/received)
gossip connectivity
  n1 [sentinel];
W190606 21:32:15.727391 219 storage/store.go:3692  [n1,s1,r11/1:/Table/1{5-6}] handle raft ready: 0.6s [processed=1]
I190606 21:32:16.609106 155 server/status/runtime.go:500  [n1] runtime stats: 149 MiB RSS, 181 goroutines, 114 MiB/3.7 MiB/132 MiB GO alloc/idle/total, 23 MiB/28 MiB CGO alloc/total, 282.5 CGO/sec, 0.6/0.0 %(u/s)time, 0.0 %gc (1x), 133 KiB/30 KiB (r/w)net
I190606 21:32:26.905888 155 server/status/runtime.go:500  [n1] runtime stats: 153 MiB RSS, 181 goroutines, 98 MiB/20 MiB/132 MiB GO alloc/idle/total, 24 MiB/29 MiB CGO alloc/total, 1277.0 CGO/sec, 1.7/0.5 %(u/s)time, 0.0 %gc (0x), 1.7 KiB/2.2 KiB (r/w)net
I190606 21:32:37.212275 155 server/status/runtime.go:500  [n1] runtime stats: 154 MiB RSS, 181 goroutines, 104 MiB/13 MiB/132 MiB GO alloc/idle/total, 24 MiB/30 MiB CGO alloc/total, 191.6 CGO/sec, 0.3/0.2 %(u/s)time, 0.0 %gc (0x), 470 B/345 B (r/w)net
I190606 21:32:47.513592 155 server/status/runtime.go:500  [n1] runtime stats: 154 MiB RSS, 181 goroutines, 111 MiB/7.2 MiB/132 MiB GO alloc/idle/total, 24 MiB/30 MiB CGO alloc/total, 192.8 CGO/sec, 0.5/0.3 %(u/s)time, 0.0 %gc (0x), 4.3 KiB/3.3 KiB (r/w)net
I190606 21:32:57.824097 155 server/status/runtime.go:500  [n1] runtime stats: 159 MiB RSS, 182 goroutines, 117 MiB/968 KiB/132 MiB GO alloc/idle/total, 24 MiB/30 MiB CGO alloc/total, 173.9 CGO/sec, 0.3/0.2 %(u/s)time, 0.0 %gc (0x), 2.0 KiB/1.9 KiB (r/w)net
I190606 21:33:08.193884 155 server/status/runtime.go:500  [n1] runtime stats: 166 MiB RSS, 182 goroutines, 123 MiB/2.7 MiB/140 MiB GO alloc/idle/total, 24 MiB/30 MiB CGO alloc/total, 195.4 CGO/sec, 0.3/0.3 %(u/s)time, 0.0 %gc (0x), 204 B/372 B (r/w)net
I190606 21:33:14.810522 151 gossip/gossip.go:557  [n1] gossip status (ok, 1 node)
gossip client (0/3 cur/max conns)
gossip server (0/3 cur/max conns, infos 0/0 sent/received, bytes 0B/0B sent/received)
I190606 21:33:18.494540 155 server/status/runtime.go:500  [n1] runtime stats: 172 MiB RSS, 182 goroutines, 129 MiB/344 KiB/145 MiB GO alloc/idle/total, 24 MiB/30 MiB CGO alloc/total, 204.5 CGO/sec, 1.5/0.1 %(u/s)time, 0.0 %gc (1x), 4.1 KiB/5.6 KiB (r/w)net
I190606 21:33:28.797359 155 server/status/runtime.go:500  [n1] runtime stats: 173 MiB RSS, 181 goroutines, 80 MiB/54 MiB/153 MiB GO alloc/idle/total, 24 MiB/30 MiB CGO alloc/total, 198.8 CGO/sec, 0.5/0.3 %(u/s)time, 0.0 %gc (0x), 850 B/973 B (r/w)net
I190606 21:33:39.089439 155 server/status/runtime.go:500  [n1] runtime stats: 173 MiB RSS, 181 goroutines, 86 MiB/49 MiB/153 MiB GO alloc/idle/total, 24 MiB/30 MiB CGO alloc/total, 250.8 CGO/sec, 0.3/0.1 %(u/s)time, 0.0 %gc (0x), 6.1 KiB/2.2 KiB (r/w)net
I190606 21:33:49.387374 155 server/status/runtime.go:500  [n1] runtime stats: 174 MiB RSS, 181 goroutines, 94 MiB/42 MiB/153 MiB GO alloc/idle/total, 24 MiB/30 MiB CGO alloc/total, 199.9 CGO/sec, 0.4/0.2 %(u/s)time, 0.0 %gc (0x), 13 KiB/7.0 KiB (r/w)net
I190606 21:34:00.159330 155 server/status/runtime.go:500  [n1] runtime stats: 173 MiB RSS, 182 goroutines, 100 MiB/37 MiB/153 MiB GO alloc/idle/total, 24 MiB/31 MiB CGO alloc/total, 183.8 CGO/sec, 0.6/0.4 %(u/s)time, 0.0 %gc (0x), 229 KiB/8.1 KiB (r/w)net
W190606 21:34:03.989129 189 storage/store.go:3692  [n1,s1,r1/1:/{Min-System/NodeL…}] handle raft ready: 0.6s [processed=1]
W190606 21:34:03.989306 183 storage/store.go:3692  [n1,s1,r4/1:/System/tsd{-/cr.nod…}] handle raft ready: 1.2s [processed=1]
W190606 21:34:06.556739 193 storage/engine/rocksdb.go:2040  batch [2/32068/0] commit took 1.0675022s (>= warning threshold 500ms)
W190606 21:34:06.765663 191 storage/store.go:3692  [n1,s1,r3/1:/System/{NodeLive…-tsd}] handle raft ready: 1.5s [processed=1]
W190606 21:34:06.902672 193 storage/store.go:3692  [n1,s1,r54/1:/System{/tsd/cr.n…-tse}] handle raft ready: 1.4s [processed=1]
W190606 21:34:06.905356 194 storage/store.go:3692  [n1,s1,r4/1:/System/tsd{-/cr.nod…}] handle raft ready: 1.4s [processed=1]
W190606 21:34:06.905500 195 storage/store.go:3692  [n1,s1,r2/1:/System/NodeLiveness{-Max}] handle raft ready: 1.1s [processed=1]
W190606 21:34:07.254989 252 storage/node_liveness.go:523  [n1,hb] slow heartbeat took 1.4s
I190606 21:34:10.531433 155 server/status/runtime.go:500  [n1] runtime stats: 173 MiB RSS, 182 goroutines, 106 MiB/31 MiB/153 MiB GO alloc/idle/total, 25 MiB/31 MiB CGO alloc/total, 191.2 CGO/sec, 0.6/0.9 %(u/s)time, 0.0 %gc (0x), 538 B/374 B (r/w)net
I190606 21:34:14.819515 151 gossip/gossip.go:557  [n1] gossip status (ok, 1 node)
gossip client (0/3 cur/max conns)
gossip server (0/3 cur/max conns, infos 0/0 sent/received, bytes 0B/0B sent/received)
W190606 21:34:20.388699 220 storage/store.go:3692  [n1,s1,r2/1:/System/NodeLiveness{-Max}] handle raft ready: 1.1s [processed=2]
W190606 21:34:20.389048 252 storage/node_liveness.go:523  [n1,hb] slow heartbeat took 1.1s
I190606 21:34:20.905022 155 server/status/runtime.go:500  [n1] runtime stats: 174 MiB RSS, 181 goroutines, 112 MiB/25 MiB/153 MiB GO alloc/idle/total, 25 MiB/31 MiB CGO alloc/total, 204.8 CGO/sec, 1.1/1.1 %(u/s)time, 0.0 %gc (0x), 6.8 KiB/9.0 KiB (r/w)net
W190606 21:34:26.165096 168 storage/engine/rocksdb.go:2040  batch [2/32068/0] commit took 680.6217ms (>= warning threshold 500ms)
W190606 21:34:26.310436 166 storage/store.go:3692  [n1,s1,r3/1:/System/{NodeLive…-tsd}] handle raft ready: 1.1s [processed=1]
W190606 21:34:26.313879 168 storage/store.go:3692  [n1,s1,r54/1:/System{/tsd/cr.n…-tse}] handle raft ready: 0.8s [processed=1]
W190606 21:34:26.317684 165 storage/store.go:3692  [n1,s1,r4/1:/System/tsd{-/cr.nod…}] handle raft ready: 0.8s [processed=1]
W190606 21:34:29.068103 173 storage/store.go:3692  [n1,s1,r2/1:/System/NodeLiveness{-Max}] handle raft ready: 0.8s [processed=1]
I190606 21:34:31.263704 155 server/status/runtime.go:500  [n1] runtime stats: 175 MiB RSS, 181 goroutines, 118 MiB/19 MiB/153 MiB GO alloc/idle/total, 25 MiB/31 MiB CGO alloc/total, 196.1 CGO/sec, 0.6/0.8 %(u/s)time, 0.0 %gc (0x), 18 KiB/31 KiB (r/w)net
I190606 21:34:41.555329 155 server/status/runtime.go:500  [n1] runtime stats: 175 MiB RSS, 181 goroutines, 124 MiB/13 MiB/153 MiB GO alloc/idle/total, 25 MiB/32 MiB CGO alloc/total, 175.4 CGO/sec, 0.3/0.8 %(u/s)time, 0.0 %gc (0x), 20 KiB/23 KiB (r/w)net
I190606 21:34:51.917704 155 server/status/runtime.go:500  [n1] runtime stats: 177 MiB RSS, 182 goroutines, 130 MiB/7.3 MiB/153 MiB GO alloc/idle/total, 25 MiB/32 MiB CGO alloc/total, 198.6 CGO/sec, 0.6/0.3 %(u/s)time, 0.0 %gc (0x), 37 KiB/27 KiB (r/w)net
W190606 21:34:53.424786 216 storage/store.go:3692  [n1,s1,r54/1:/System{/tsd/cr.n…-tse}] handle raft ready: 0.6s [processed=1]
W190606 21:35:00.429433 169 storage/engine/rocksdb.go:2040  batch [2/325/0] commit took 617.4479ms (>= warning threshold 500ms)
W190606 21:35:00.485004 167 storage/store.go:3692  [n1,s1,r1/1:/{Min-System/NodeL…}] handle raft ready: 0.8s [processed=1]
W190606 21:35:00.485133 169 storage/store.go:3692  [n1,s1,r2/1:/System/NodeLiveness{-Max}] handle raft ready: 0.7s [processed=1]
I190606 21:35:02.231473 155 server/status/runtime.go:500  [n1] runtime stats: 184 MiB RSS, 182 goroutines, 136 MiB/1.5 MiB/153 MiB GO alloc/idle/total, 25 MiB/32 MiB CGO alloc/total, 183.3 CGO/sec, 0.6/0.5 %(u/s)time, 0.0 %gc (0x), 13 KiB/21 KiB (r/w)net
W190606 21:35:08.231008 188 storage/store.go:3692  [n1,s1,r1/1:/{Min-System/NodeL…}] handle raft ready: 1.8s [processed=1]
I190606 21:35:12.581143 155 server/status/runtime.go:500  [n1] runtime stats: 186 MiB RSS, 182 goroutines, 142 MiB/3.2 MiB/161 MiB GO alloc/idle/total, 26 MiB/32 MiB CGO alloc/total, 180.6 CGO/sec, 0.6/0.5 %(u/s)time, 0.0 %gc (1x), 21 KiB/28 KiB (r/w)net
W190606 21:35:13.800475 191 storage/store.go:3692  [n1,s1,r1/1:/{Min-System/NodeL…}] handle raft ready: 0.6s [processed=1]
I190606 21:35:14.810136 151 gossip/gossip.go:557  [n1] gossip status (ok, 1 node)
gossip client (0/3 cur/max conns)
gossip server (0/3 cur/max conns, infos 0/0 sent/received, bytes 0B/0B sent/received)
W190606 21:35:16.327289 198 storage/engine/rocksdb.go:2040  batch [2/32068/0] commit took 847.4515ms (>= warning threshold 500ms)
W190606 21:35:16.366577 195 storage/store.go:3692  [n1,s1,r3/1:/System/{NodeLive…-tsd}] handle raft ready: 1.1s [processed=1]
W190606 21:35:16.429495 198 storage/store.go:3692  [n1,s1,r54/1:/System{/tsd/cr.n…-tse}] handle raft ready: 0.9s [processed=1]
W190606 21:35:16.433649 196 storage/store.go:3692  [n1,s1,r4/1:/System/tsd{-/cr.nod…}] handle raft ready: 1.0s [processed=1]
I190606 21:35:22.934270 155 server/status/runtime.go:500  [n1] runtime stats: 186 MiB RSS, 182 goroutines, 82 MiB/61 MiB/161 MiB GO alloc/idle/total, 26 MiB/32 MiB CGO alloc/total, 211.1 CGO/sec, 1.2/0.9 %(u/s)time, 0.0 %gc (0x), 17 KiB/22 KiB (r/w)net
W190606 21:35:23.134200 208 storage/store.go:3692  [n1,s1,r2/1:/System/NodeLiveness{-Max}] handle raft ready: 0.8s [processed=2]
W190606 21:35:25.299619 209 storage/engine/rocksdb.go:2040  batch [2/324/0] commit took 871.2648ms (>= warning threshold 500ms)
W190606 21:35:25.388015 209 storage/store.go:3692  [n1,s1,r1/1:/{Min-System/NodeL…}] handle raft ready: 1.0s [processed=1]
W190606 21:35:31.744318 94 storage/store.go:3692  [n1,s1,r1/1:/{Min-System/NodeL…}] handle raft ready: 0.6s [processed=1]
I190606 21:35:33.270727 155 server/status/runtime.go:500  [n1] runtime stats: 187 MiB RSS, 181 goroutines, 88 MiB/55 MiB/161 MiB GO alloc/idle/total, 26 MiB/32 MiB CGO alloc/total, 189.2 CGO/sec, 0.9/0.3 %(u/s)time, 0.0 %gc (0x), 22 KiB/24 KiB (r/w)net
W190606 21:35:40.862338 172 storage/store.go:3692  [n1,s1,r2/1:/System/NodeLiveness{-Max}] handle raft ready: 0.6s [processed=1]
I190606 21:35:43.629740 155 server/status/runtime.go:500  [n1] runtime stats: 187 MiB RSS, 181 goroutines, 94 MiB/49 MiB/161 MiB GO alloc/idle/total, 26 MiB/33 MiB CGO alloc/total, 170.4 CGO/sec, 0.6/0.3 %(u/s)time, 0.0 %gc (0x), 21 KiB/28 KiB (r/w)net
W190606 21:35:50.691083 195 storage/engine/rocksdb.go:2040  batch [2/221/0] commit took 1.3789528s (>= warning threshold 500ms)
W190606 21:35:50.757781 197 storage/store.go:3692  [n1,s1,r1/1:/{Min-System/NodeL…}] handle raft ready: 1.6s [processed=1]
W190606 21:35:50.757801 195 storage/store.go:3692  [n1,s1,r2/1:/System/NodeLiveness{-Max}] handle raft ready: 1.4s [processed=1]
W190606 21:35:50.862477 252 storage/node_liveness.go:523  [n1,hb] slow heartbeat took 1.6s
I190606 21:35:53.960574 155 server/status/runtime.go:500  [n1] runtime stats: 188 MiB RSS, 182 goroutines, 101 MiB/43 MiB/162 MiB GO alloc/idle/total, 26 MiB/33 MiB CGO alloc/total, 204.6 CGO/sec, 0.8/0.6 %(u/s)time, 0.0 %gc (0x), 12 KiB/16 KiB (r/w)net
W190606 21:35:54.515137 196 storage/store.go:3692  [n1,s1,r2/1:/System/NodeLiveness{-Max}] handle raft ready: 0.7s [processed=1]
W190606 21:35:56.166906 199 storage/engine/rocksdb.go:2040  batch [2/32068/0] commit took 687.7859ms (>= warning threshold 500ms)
W190606 21:35:56.264740 201 storage/store.go:3692  [n1,s1,r3/1:/System/{NodeLive…-tsd}] handle raft ready: 1.0s [processed=1]
W190606 21:35:56.268594 199 storage/store.go:3692  [n1,s1,r54/1:/System{/tsd/cr.n…-tse}] handle raft ready: 0.8s [processed=1]
W190606 21:35:56.273785 203 storage/store.go:3692  [n1,s1,r4/1:/System/tsd{-/cr.nod…}] handle raft ready: 0.8s [processed=1]
W190606 21:35:59.141744 211 storage/store.go:3692  [n1,s1,r2/1:/System/NodeLiveness{-Max}] handle raft ready: 0.8s [processed=1]
W190606 21:36:03.638697 214 storage/store.go:3692  [n1,s1,r2/1:/System/NodeLiveness{-Max}] handle raft ready: 0.8s [processed=1]
I190606 21:36:04.274343 155 server/status/runtime.go:500  [n1] runtime stats: 188 MiB RSS, 182 goroutines, 107 MiB/38 MiB/162 MiB GO alloc/idle/total, 26 MiB/33 MiB CGO alloc/total, 180.8 CGO/sec, 0.3/0.5 %(u/s)time, 0.0 %gc (0x), 23 KiB/27 KiB (r/w)net
W190606 21:36:07.722759 96 storage/engine/rocksdb.go:2040  batch [2/324/0] commit took 544.0124ms (>= warning threshold 500ms)
W190606 21:36:07.749934 96 storage/store.go:3692  [n1,s1,r1/1:/{Min-System/NodeL…}] handle raft ready: 0.6s [processed=1]
W190606 21:36:07.750718 164 storage/store.go:3692  [n1,s1,r3/1:/System/{NodeLive…-tsd}] handle raft ready: 0.8s [processed=1]
W190606 21:36:09.432236 171 storage/store.go:3692  [n1,s1,r7/1:/Table/1{1-2}] handle raft ready: 1.0s [processed=2]
I190606 21:36:14.627433 155 server/status/runtime.go:500  [n1] runtime stats: 190 MiB RSS, 182 goroutines, 114 MiB/31 MiB/162 MiB GO alloc/idle/total, 26 MiB/33 MiB CGO alloc/total, 267.8 CGO/sec, 0.8/0.5 %(u/s)time, 0.0 %gc (0x), 26 KiB/28 KiB (r/w)net
I190606 21:36:14.808935 151 gossip/gossip.go:557  [n1] gossip status (ok, 1 node)
gossip client (0/3 cur/max conns)
gossip server (0/3 cur/max conns, infos 0/0 sent/received, bytes 0B/0B sent/received)
W190606 21:36:15.920886 181 storage/engine/rocksdb.go:2040  batch [2/23687/0] commit took 658.7676ms (>= warning threshold 500ms)
W190606 21:36:16.057081 181 storage/store.go:3692  [n1,s1,r3/1:/System/{NodeLive…-tsd}] handle raft ready: 0.8s [processed=1]
W190606 21:36:16.061056 174 storage/store.go:3692  [n1,s1,r54/1:/System{/tsd/cr.n…-tse}] handle raft ready: 0.6s [processed=1]
W190606 21:36:16.063832 188 storage/store.go:3692  [n1,s1,r4/1:/System/tsd{-/cr.nod…}] handle raft ready: 0.6s [processed=1]
W190606 21:36:21.440157 197 storage/engine/rocksdb.go:2040  batch [2/221/0] commit took 629.5751ms (>= warning threshold 500ms)
W190606 21:36:21.522194 194 storage/store.go:3692  [n1,s1,r1/1:/{Min-System/NodeL…}] handle raft ready: 0.8s [processed=1]
W190606 21:36:21.522195 197 storage/store.go:3692  [n1,s1,r2/1:/System/NodeLiveness{-Max}] handle raft ready: 0.7s [processed=1]
I190606 21:36:24.970340 155 server/status/runtime.go:500  [n1] runtime stats: 190 MiB RSS, 181 goroutines, 126 MiB/19 MiB/162 MiB GO alloc/idle/total, 26 MiB/33 MiB CGO alloc/total, 205.4 CGO/sec, 0.5/0.3 %(u/s)time, 0.0 %gc (0x), 18 KiB/24 KiB (r/w)net
I190606 21:36:35.303047 155 server/status/runtime.go:500  [n1] runtime stats: 190 MiB RSS, 181 goroutines, 132 MiB/13 MiB/162 MiB GO alloc/idle/total, 26 MiB/34 MiB CGO alloc/total, 219.7 CGO/sec, 0.5/1.2 %(u/s)time, 0.0 %gc (0x), 19 KiB/23 KiB (r/w)net
I190606 21:36:45.603147 155 server/status/runtime.go:500  [n1] runtime stats: 191 MiB RSS, 181 goroutines, 139 MiB/7.4 MiB/162 MiB GO alloc/idle/total, 27 MiB/34 MiB CGO alloc/total, 211.8 CGO/sec, 0.4/0.5 %(u/s)time, 0.0 %gc (0x), 5.2 KiB/6.9 KiB (r/w)net
I190606 21:36:55.905299 155 server/status/runtime.go:500  [n1] runtime stats: 194 MiB RSS, 182 goroutines, 145 MiB/1.3 MiB/162 MiB GO alloc/idle/total, 27 MiB/34 MiB CGO alloc/total, 196.9 CGO/sec, 1.5/0.3 %(u/s)time, 0.0 %gc (1x), 66 B/55 B (r/w)net
I190606 21:37:06.205006 155 server/status/runtime.go:500  [n1] runtime stats: 194 MiB RSS, 182 goroutines, 81 MiB/65 MiB/166 MiB GO alloc/idle/total, 27 MiB/34 MiB CGO alloc/total, 195.3 CGO/sec, 0.1/0.2 %(u/s)time, 0.0 %gc (0x), 15 KiB/1.5 KiB (r/w)net
I190606 21:37:14.815537 151 gossip/gossip.go:557  [n1] gossip status (ok, 1 node)
gossip client (0/3 cur/max conns)
gossip server (0/3 cur/max conns, infos 0/0 sent/received, bytes 0B/0B sent/received)
I190606 21:37:16.514444 155 server/status/runtime.go:500  [n1] runtime stats: 194 MiB RSS, 182 goroutines, 88 MiB/59 MiB/166 MiB GO alloc/idle/total, 27 MiB/34 MiB CGO alloc/total, 214.4 CGO/sec, 0.3/0.3 %(u/s)time, 0.0 %gc (0x), 16 KiB/3.7 KiB (r/w)net
I190606 21:37:26.809438 155 server/status/runtime.go:500  [n1] runtime stats: 195 MiB RSS, 181 goroutines, 94 MiB/54 MiB/166 MiB GO alloc/idle/total, 27 MiB/35 MiB CGO alloc/total, 175.9 CGO/sec, 0.4/0.5 %(u/s)time, 0.0 %gc (0x), 476 B/171 B (r/w)net
I190606 21:37:37.154152 155 server/status/runtime.go:500  [n1] runtime stats: 195 MiB RSS, 181 goroutines, 100 MiB/48 MiB/166 MiB GO alloc/idle/total, 28 MiB/35 MiB CGO alloc/total, 175.0 CGO/sec, 0.3/0.3 %(u/s)time, 0.0 %gc (0x), 17 KiB/17 KiB (r/w)net
W190606 21:37:42.981684 202 storage/store.go:3692  [n1,s1,r2/1:/System/NodeLiveness{-Max}] handle raft ready: 1.2s [processed=1]
W190606 21:37:43.030433 252 storage/node_liveness.go:523  [n1,hb] slow heartbeat took 1.2s
W190606 21:37:44.580699 210 storage/store.go:3692  [n1,s1,r1/1:/{Min-System/NodeL…}] handle raft ready: 0.7s [processed=1]
I190606 21:37:47.456390 155 server/status/runtime.go:500  [n1] runtime stats: 195 MiB RSS, 181 goroutines, 106 MiB/42 MiB/166 MiB GO alloc/idle/total, 36 MiB/43 MiB CGO alloc/total, 205.6 CGO/sec, 0.5/0.5 %(u/s)time, 0.0 %gc (0x), 604 B/515 B (r/w)net
W190606 21:37:47.549094 218 storage/store.go:3692  [n1,s1,r2/1:/System/NodeLiveness{-Max}] handle raft ready: 1.2s [processed=1]
W190606 21:37:47.549209 252 storage/node_liveness.go:523  [n1,hb] slow heartbeat took 1.2s
W190606 21:37:49.116619 166 storage/store.go:3692  [n1,s1,r1/1:/{Min-System/NodeL…}] handle raft ready: 0.7s [processed=1]
I190606 21:37:57.761954 155 server/status/runtime.go:500  [n1] runtime stats: 195 MiB RSS, 182 goroutines, 112 MiB/37 MiB/166 MiB GO alloc/idle/total, 36 MiB/43 MiB CGO alloc/total, 178.7 CGO/sec, 0.3/0.2 %(u/s)time, 0.0 %gc (0x), 3.2 KiB/291 B (r/w)net
I190606 21:38:08.069382 155 server/status/runtime.go:500  [n1] runtime stats: 196 MiB RSS, 182 goroutines, 118 MiB/31 MiB/166 MiB GO alloc/idle/total, 35 MiB/43 MiB CGO alloc/total, 187.5 CGO/sec, 0.3/0.4 %(u/s)time, 0.0 %gc (0x), 9.6 KiB/889 B (r/w)net
W190606 21:38:13.992439 199 storage/store.go:3692  [n1,s1,r2/1:/System/NodeLiveness{-Max}] handle raft ready: 0.7s [processed=1]
I190606 21:38:14.809223 151 gossip/gossip.go:557  [n1] gossip status (ok, 1 node)
gossip client (0/3 cur/max conns)
gossip server (0/3 cur/max conns, infos 0/0 sent/received, bytes 0B/0B sent/received)
W190606 21:38:16.225185 210 storage/engine/rocksdb.go:2040  batch [282/31988/2] commit took 710.0296ms (>= warning threshold 500ms)
W190606 21:38:16.225424 210 storage/store.go:3692  [n1,s1,r54/1:/System{/tsd/cr.n…-tse}] handle raft ready: 0.7s [processed=1]
W190606 21:38:16.227063 215 storage/store.go:3692  [n1,s1,r4/1:/System/tsd{-/cr.nod…}] handle raft ready: 0.7s [processed=1]
I190606 21:38:18.378481 155 server/status/runtime.go:500  [n1] runtime stats: 196 MiB RSS, 184 goroutines, 125 MiB/25 MiB/166 MiB GO alloc/idle/total, 35 MiB/43 MiB CGO alloc/total, 221.1 CGO/sec, 0.8/0.5 %(u/s)time, 0.0 %gc (0x), 15 KiB/4.6 KiB (r/w)net
W190606 21:38:18.544003 222 storage/engine/rocksdb.go:2040  batch [2/221/0] commit took 732.8271ms (>= warning threshold 500ms)
W190606 21:38:18.582904 219 storage/store.go:3692  [n1,s1,r1/1:/{Min-System/NodeL…}] handle raft ready: 0.9s [processed=1]
W190606 21:38:18.582929 222 storage/store.go:3692  [n1,s1,r2/1:/System/NodeLiveness{-Max}] handle raft ready: 0.8s [processed=1]
I190606 21:38:28.677453 155 server/status/runtime.go:500  [n1] runtime stats: 198 MiB RSS, 181 goroutines, 131 MiB/19 MiB/166 MiB GO alloc/idle/total, 35 MiB/43 MiB CGO alloc/total, 183.4 CGO/sec, 0.8/0.3 %(u/s)time, 0.0 %gc (0x), 3.2 KiB/1.4 KiB (r/w)net
I190606 21:38:38.982759 155 server/status/runtime.go:500  [n1] runtime stats: 198 MiB RSS, 181 goroutines, 137 MiB/13 MiB/166 MiB GO alloc/idle/total, 35 MiB/43 MiB CGO alloc/total, 176.2 CGO/sec, 0.5/0.0 %(u/s)time, 0.0 %gc (0x), 450 B/267 B (r/w)net
I190606 21:38:49.286389 155 server/status/runtime.go:500  [n1] runtime stats: 198 MiB RSS, 181 goroutines, 144 MiB/6.3 MiB/166 MiB GO alloc/idle/total, 35 MiB/43 MiB CGO alloc/total, 281.7 CGO/sec, 0.5/0.3 %(u/s)time, 0.0 %gc (0x), 132 B/110 B (r/w)net
I190606 21:38:59.580132 155 server/status/runtime.go:500  [n1] runtime stats: 198 MiB RSS, 182 goroutines, 76 MiB/69 MiB/166 MiB GO alloc/idle/total, 35 MiB/43 MiB CGO alloc/total, 178.8 CGO/sec, 0.2/0.3 %(u/s)time, 0.0 %gc (1x), 6.8 KiB/3.3 KiB (r/w)net
I190606 21:39:09.871915 155 server/status/runtime.go:500  [n1] runtime stats: 198 MiB RSS, 182 goroutines, 84 MiB/62 MiB/166 MiB GO alloc/idle/total, 35 MiB/43 MiB CGO alloc/total, 182.1 CGO/sec, 0.3/0.2 %(u/s)time, 0.0 %gc (0x), 5.5 KiB/3.9 KiB (r/w)net
I190606 21:39:14.814657 151 gossip/gossip.go:557  [n1] gossip status (ok, 1 node)
gossip client (0/3 cur/max conns)
gossip server (0/3 cur/max conns, infos 0/0 sent/received, bytes 0B/0B sent/received)
I190606 21:39:21.059649 155 server/status/runtime.go:500  [n1] runtime stats: 199 MiB RSS, 181 goroutines, 90 MiB/57 MiB/166 MiB GO alloc/idle/total, 35 MiB/43 MiB CGO alloc/total, 196.0 CGO/sec, 0.7/0.1 %(u/s)time, 0.0 %gc (0x), 9.4 KiB/32 KiB (r/w)net
W190606 21:39:25.809342 222 storage/store.go:3692  [n1,s1,r3/1:/System/{NodeLive…-tsd}] handle raft ready: 0.6s [processed=1]
W190606 21:39:26.232493 94 storage/store.go:3692  [n1,s1,r2/1:/System/NodeLiveness{-Max}] handle raft ready: 0.9s [processed=1]
W190606 21:39:26.233974 218 storage/store.go:3692  [n1,s1,r54/1:/System{/tsd/cr.n…-tse}] handle raft ready: 0.8s [processed=1]
W190606 21:39:26.235980 220 storage/store.go:3692  [n1,s1,r4/1:/System/tsd{-/cr.nod…}] handle raft ready: 0.8s [processed=1]
I190606 21:39:31.365550 155 server/status/runtime.go:500  [n1] runtime stats: 199 MiB RSS, 181 goroutines, 96 MiB/51 MiB/166 MiB GO alloc/idle/total, 35 MiB/43 MiB CGO alloc/total, 207.0 CGO/sec, 0.5/0.5 %(u/s)time, 0.0 %gc (0x), 300 B/0 B (r/w)net
I190606 21:39:41.660635 155 server/status/runtime.go:500  [n1] runtime stats: 199 MiB RSS, 181 goroutines, 103 MiB/45 MiB/166 MiB GO alloc/idle/total, 35 MiB/43 MiB CGO alloc/total, 175.8 CGO/sec, 0.2/0.5 %(u/s)time, 0.0 %gc (0x), 360 B/363 B (r/w)net
I190606 21:39:51.961107 155 server/status/runtime.go:500  [n1] runtime stats: 199 MiB RSS, 182 goroutines, 109 MiB/39 MiB/166 MiB GO alloc/idle/total, 35 MiB/43 MiB CGO alloc/total, 197.7 CGO/sec, 0.6/0.3 %(u/s)time, 0.0 %gc (0x), 411 B/204 B (r/w)net
I190606 21:40:02.268018 155 server/status/runtime.go:500  [n1] runtime stats: 199 MiB RSS, 182 goroutines, 115 MiB/33 MiB/166 MiB GO alloc/idle/total, 35 MiB/43 MiB CGO alloc/total, 189.4 CGO/sec, 0.5/0.6 %(u/s)time, 0.0 %gc (0x), 8.7 KiB/3.4 KiB (r/w)net
I190606 21:40:12.566685 155 server/status/runtime.go:500  [n1] runtime stats: 200 MiB RSS, 182 goroutines, 121 MiB/28 MiB/166 MiB GO alloc/idle/total, 35 MiB/43 MiB CGO alloc/total, 177.3 CGO/sec, 0.3/0.3 %(u/s)time, 0.0 %gc (0x), 7.0 KiB/8.0 KiB (r/w)net
I190606 21:40:14.810438 151 gossip/gossip.go:557  [n1] gossip status (ok, 1 node)
gossip client (0/3 cur/max conns)
gossip server (0/3 cur/max conns, infos 0/0 sent/received, bytes 0B/0B sent/received)
I190606 21:40:22.868722 155 server/status/runtime.go:500  [n1] runtime stats: 200 MiB RSS, 181 goroutines, 128 MiB/22 MiB/166 MiB GO alloc/idle/total, 35 MiB/43 MiB CGO alloc/total, 207.6 CGO/sec, 0.3/0.2 %(u/s)time, 0.0 %gc (0x), 294 B/312 B (r/w)net
I190606 21:40:33.171626 155 server/status/runtime.go:500  [n1] runtime stats: 200 MiB RSS, 181 goroutines, 134 MiB/16 MiB/166 MiB GO alloc/idle/total, 35 MiB/43 MiB CGO alloc/total, 197.9 CGO/sec, 0.2/0.5 %(u/s)time, 0.0 %gc (0x), 6.6 KiB/3.9 KiB (r/w)net
I190606 21:40:43.471802 155 server/status/runtime.go:500  [n1] runtime stats: 200 MiB RSS, 181 goroutines, 140 MiB/10 MiB/166 MiB GO alloc/idle/total, 35 MiB/43 MiB CGO alloc/total, 178.0 CGO/sec, 0.2/0.1 %(u/s)time, 0.0 %gc (0x), 216 B/152 B (r/w)net
I190606 21:40:53.771560 155 server/status/runtime.go:500  [n1] runtime stats: 200 MiB RSS, 182 goroutines, 146 MiB/4.3 MiB/166 MiB GO alloc/idle/total, 35 MiB/43 MiB CGO alloc/total, 194.2 CGO/sec, 0.6/0.5 %(u/s)time, 0.0 %gc (1x), 362 B/207 B (r/w)net
I190606 21:41:04.083751 155 server/status/runtime.go:500  [n1] runtime stats: 201 MiB RSS, 182 goroutines, 81 MiB/65 MiB/166 MiB GO alloc/idle/total, 35 MiB/43 MiB CGO alloc/total, 169.4 CGO/sec, 0.5/0.6 %(u/s)time, 0.0 %gc (0x), 336 B/308 B (r/w)net
W190606 21:41:06.263442 211 storage/engine/rocksdb.go:2040  batch [2/32068/0] commit took 787.1651ms (>= warning threshold 500ms)
W190606 21:41:06.312766 202 storage/store.go:3692  [n1,s1,r3/1:/System/{NodeLive…-tsd}] handle raft ready: 1.1s [processed=1]
W190606 21:41:06.353097 211 storage/store.go:3692  [n1,s1,r54/1:/System{/tsd/cr.n…-tse}] handle raft ready: 0.9s [processed=1]
W190606 21:41:06.355131 210 storage/store.go:3692  [n1,s1,r4/1:/System/tsd{-/cr.nod…}] handle raft ready: 0.9s [processed=1]
I190606 21:41:14.382797 155 server/status/runtime.go:500  [n1] runtime stats: 201 MiB RSS, 182 goroutines, 88 MiB/59 MiB/166 MiB GO alloc/idle/total, 35 MiB/43 MiB CGO alloc/total, 271.3 CGO/sec, 0.2/0.1 %(u/s)time, 0.0 %gc (0x), 180 B/211 B (r/w)net
I190606 21:41:14.814618 151 gossip/gossip.go:557  [n1] gossip status (ok, 1 node)
gossip client (0/3 cur/max conns)
gossip server (0/3 cur/max conns, infos 0/0 sent/received, bytes 0B/0B sent/received)
E190606 21:41:15.469593 133 storage/queue.go:930  [n1,replicate] 25 replicas failing with "0 of 1 live stores are able to take a new replica for the range (1 already has a replica); likely not enough nodes in cluster"
I190606 21:41:24.675087 155 server/status/runtime.go:500  [n1] runtime stats: 201 MiB RSS, 181 goroutines, 95 MiB/53 MiB/166 MiB GO alloc/idle/total, 35 MiB/43 MiB CGO alloc/total, 223.7 CGO/sec, 0.5/0.5 %(u/s)time, 0.0 %gc (0x), 29 KiB/11 KiB (r/w)net
I190606 21:41:24.815017 150 storage/store.go:4204  [n1,s1] sstables (read amplification = 1):
6 [ 10M 3 ]: 4M[2] 2M
I190606 21:41:24.815109 150 storage/store.go:4205  [n1,s1] 
** Compaction Stats [default] **
Level    Files   Size     Score Read(GB)  Rn(GB) Rnp1(GB) Write(GB) Wnew(GB) Moved(GB) W-Amp Rd(MB/s) Wr(MB/s) Comp(sec) Comp(cnt) Avg(sec) KeyIn KeyDrop
----------------------------------------------------------------------------------------------------------------------------------------------------------
  L0      0/0    0.00 KB   0.0      0.0     0.0      0.0       0.0      0.0       0.0   1.0      0.0      0.7         0         1    0.097       0      0
  L6      3/0    9.74 MB   0.0      0.0     0.0      0.0       0.0      0.0       0.0  29.2      5.6      5.6         2         1    1.752     36K   4724
 Sum      3/0    9.74 MB   0.0      0.0     0.0      0.0       0.0      0.0       0.0 137.9      5.3      5.3         2         2    0.925     36K   4724
 Int      0/0    0.00 KB   0.0      0.0     0.0      0.0       0.0      0.0       0.0   0.0      0.0      0.0         0         0    0.000       0      0
Uptime(secs): 610.7 total, 600.0 interval
Flush(GB): cumulative 0.000, interval 0.000
AddFile(GB): cumulative 0.000, interval 0.000
AddFile(Total Files): cumulative 0, interval 0
AddFile(L0 Files): cumulative 0, interval 0
AddFile(Keys): cumulative 0, interval 0
Cumulative compaction: 0.01 GB write, 0.02 MB/s write, 0.01 GB read, 0.02 MB/s read, 1.8 seconds
Interval compaction: 0.00 GB write, 0.00 MB/s write, 0.00 GB read, 0.00 MB/s read, 0.0 seconds
Stalls(count): 0 level0_slowdown, 0 level0_slowdown_with_compaction, 0 level0_numfiles, 0 level0_numfiles_with_compaction, 0 stop for pending_compaction_bytes, 0 slowdown for pending_compaction_bytes, 0 memtable_compaction, 0 memtable_slowdown, interval 0 total count
estimated_pending_compaction_bytes: 0 B
I190606 21:41:34.996545 155 server/status/runtime.go:500  [n1] runtime stats: 202 MiB RSS, 181 goroutines, 107 MiB/42 MiB/166 MiB GO alloc/idle/total, 35 MiB/44 MiB CGO alloc/total, 177.3 CGO/sec, 0.3/0.5 %(u/s)time, 0.0 %gc (0x), 656 B/692 B (r/w)net
W190606 21:41:41.527335 212 storage/engine/rocksdb.go:2040  batch [2/221/0] commit took 1.2164403s (>= warning threshold 500ms)
W190606 21:41:43.638260 213 storage/engine/rocksdb.go:2040  batch [2/182/2] commit took 2.1108547s (>= warning threshold 500ms)
W190606 21:41:43.638594 212 storage/store.go:3692  [n1,s1,r2/1:/System/NodeLiveness{-Max}] handle raft ready: 3.3s [processed=1]
W190606 21:41:43.638599 213 storage/store.go:3692  [n1,s1,r1/1:/{Min-System/NodeL…}] handle raft ready: 5.7s [processed=1]
W190606 21:41:43.638792 252 storage/node_liveness.go:523  [n1,hb] slow heartbeat took 3.3s
I190606 21:41:45.384996 155 server/status/runtime.go:500  [n1] runtime stats: 202 MiB RSS, 181 goroutines, 113 MiB/36 MiB/166 MiB GO alloc/idle/total, 35 MiB/44 MiB CGO alloc/total, 219.8 CGO/sec, 1.0/0.8 %(u/s)time, 0.0 %gc (0x), 398 B/862 B (r/w)net
I190606 21:41:55.734553 155 server/status/runtime.go:500  [n1] runtime stats: 202 MiB RSS, 182 goroutines, 120 MiB/30 MiB/166 MiB GO alloc/idle/total, 35 MiB/44 MiB CGO alloc/total, 210.1 CGO/sec, 1.2/0.8 %(u/s)time, 0.0 %gc (0x), 25 KiB/35 KiB (r/w)net
W190606 21:41:59.266817 181 storage/store.go:3692  [n1,s1,r2/1:/System/NodeLiveness{-Max}] handle raft ready: 1.0s [processed=1]
W190606 21:42:03.978211 190 storage/store.go:3692  [n1,s1,r2/1:/System/NodeLiveness{-Max}] handle raft ready: 1.2s [processed=1]
W190606 21:42:04.068908 252 storage/node_liveness.go:523  [n1,hb] slow heartbeat took 1.3s
I190606 21:42:06.084993 155 server/status/runtime.go:500  [n1] runtime stats: 202 MiB RSS, 183 goroutines, 126 MiB/24 MiB/166 MiB GO alloc/idle/total, 35 MiB/43 MiB CGO alloc/total, 190.0 CGO/sec, 0.8/0.8 %(u/s)time, 0.0 %gc (0x), 16 KiB/21 KiB (r/w)net
W190606 21:42:06.523964 192 storage/engine/rocksdb.go:2040  batch [2/32068/0] commit took 1.0395147s (>= warning threshold 500ms)
W190606 21:42:06.574080 198 storage/store.go:3692  [n1,s1,r3/1:/System/{NodeLive…-tsd}] handle raft ready: 1.3s [processed=1]
W190606 21:42:06.664582 192 storage/store.go:3692  [n1,s1,r54/1:/System{/tsd/cr.n…-tse}] handle raft ready: 1.2s [processed=1]
W190606 21:42:06.671890 204 storage/store.go:3692  [n1,s1,r4/1:/System/tsd{-/cr.nod…}] handle raft ready: 1.2s [processed=1]
I190606 21:42:14.810972 151 gossip/gossip.go:557  [n1] gossip status (ok, 1 node)
gossip client (0/3 cur/max conns)
gossip server (0/3 cur/max conns, infos 0/0 sent/received, bytes 0B/0B sent/received)
W190606 21:42:16.279215 217 storage/engine/rocksdb.go:2040  batch [2/32068/0] commit took 794.7315ms (>= warning threshold 500ms)
W190606 21:42:16.338904 212 storage/store.go:3692  [n1,s1,r4/1:/System/tsd{-/cr.nod…}] handle raft ready: 0.9s [processed=1]
W190606 21:42:16.343313 217 storage/store.go:3692  [n1,s1,r54/1:/System{/tsd/cr.n…-tse}] handle raft ready: 0.9s [processed=1]
I190606 21:42:16.436207 155 server/status/runtime.go:500  [n1] runtime stats: 202 MiB RSS, 183 goroutines, 132 MiB/18 MiB/166 MiB GO alloc/idle/total, 35 MiB/43 MiB CGO alloc/total, 214.7 CGO/sec, 1.2/0.8 %(u/s)time, 0.0 %gc (0x), 22 KiB/24 KiB (r/w)net
I190606 21:42:26.790039 155 server/status/runtime.go:500  [n1] runtime stats: 202 MiB RSS, 181 goroutines, 138 MiB/12 MiB/166 MiB GO alloc/idle/total, 35 MiB/43 MiB CGO alloc/total, 199.2 CGO/sec, 2.0/1.1 %(u/s)time, 0.0 %gc (0x), 11 KiB/15 KiB (r/w)net
W190606 21:42:30.382232 171 storage/engine/rocksdb.go:2040  batch [2/221/0] commit took 571.911ms (>= warning threshold 500ms)
W190606 21:42:30.450371 178 storage/store.go:3692  [n1,s1,r1/1:/{Min-System/NodeL…}] handle raft ready: 3.0s [processed=1]
W190606 21:42:30.450723 171 storage/store.go:3692  [n1,s1,r2/1:/System/NodeLiveness{-Max}] handle raft ready: 0.6s [processed=1]
I190606 21:42:37.161882 155 server/status/runtime.go:500  [n1] runtime stats: 202 MiB RSS, 181 goroutines, 144 MiB/6.2 MiB/166 MiB GO alloc/idle/total, 35 MiB/43 MiB CGO alloc/total, 176.3 CGO/sec, 1.1/0.8 %(u/s)time, 0.0 %gc (0x), 11 KiB/14 KiB (r/w)net
W190606 21:42:40.049640 200 storage/engine/rocksdb.go:2040  batch [2/221/0] commit took 1.2375037s (>= warning threshold 500ms)
W190606 21:42:40.088374 194 storage/store.go:3692  [n1,s1,r1/1:/{Min-System/NodeL…}] handle raft ready: 1.4s [processed=1]
W190606 21:42:40.088381 200 storage/store.go:3692  [n1,s1,r2/1:/System/NodeLiveness{-Max}] handle raft ready: 1.3s [processed=1]
W190606 21:42:40.088562 252 storage/node_liveness.go:523  [n1,hb] slow heartbeat took 1.3s
I190606 21:42:47.507590 155 server/status/runtime.go:500  [n1] runtime stats: 203 MiB RSS, 181 goroutines, 150 MiB/5.3 MiB/170 MiB GO alloc/idle/total, 35 MiB/43 MiB CGO alloc/total, 192.8 CGO/sec, 0.8/0.8 %(u/s)time, 0.0 %gc (1x), 10 KiB/14 KiB (r/w)net
W190606 21:42:56.346621 94 storage/engine/rocksdb.go:2040  batch [2/32068/0] commit took 864.9569ms (>= warning threshold 500ms)
W190606 21:42:56.385795 217 storage/store.go:3692  [n1,s1,r3/1:/System/{NodeLive…-tsd}] handle raft ready: 1.1s [processed=1]
W190606 21:42:56.433926 94 storage/store.go:3692  [n1,s1,r54/1:/System{/tsd/cr.n…-tse}] handle raft ready: 1.0s [processed=1]
W190606 21:42:56.437774 213 storage/store.go:3692  [n1,s1,r4/1:/System/tsd{-/cr.nod…}] handle raft ready: 1.0s [processed=1]
I190606 21:42:57.862453 155 server/status/runtime.go:500  [n1] runtime stats: 204 MiB RSS, 182 goroutines, 84 MiB/66 MiB/170 MiB GO alloc/idle/total, 35 MiB/44 MiB CGO alloc/total, 184.8 CGO/sec, 0.9/0.5 %(u/s)time, 0.0 %gc (0x), 15 KiB/21 KiB (r/w)net
I190606 21:43:08.169071 155 server/status/runtime.go:500  [n1] runtime stats: 204 MiB RSS, 182 goroutines, 90 MiB/61 MiB/170 MiB GO alloc/idle/total, 35 MiB/44 MiB CGO alloc/total, 181.4 CGO/sec, 0.9/0.3 %(u/s)time, 0.0 %gc (0x), 21 KiB/28 KiB (r/w)net
I190606 21:43:14.820001 151 gossip/gossip.go:557  [n1] gossip status (ok, 1 node)
gossip client (0/3 cur/max conns)
gossip server (0/3 cur/max conns, infos 0/0 sent/received, bytes 0B/0B sent/received)
I190606 21:43:18.519179 155 server/status/runtime.go:500  [n1] runtime stats: 204 MiB RSS, 182 goroutines, 97 MiB/55 MiB/170 MiB GO alloc/idle/total, 35 MiB/44 MiB CGO alloc/total, 210.0 CGO/sec, 0.6/0.8 %(u/s)time, 0.0 %gc (0x), 16 KiB/21 KiB (r/w)net
I190606 21:43:28.833888 155 server/status/runtime.go:500  [n1] runtime stats: 204 MiB RSS, 181 goroutines, 103 MiB/49 MiB/170 MiB GO alloc/idle/total, 35 MiB/44 MiB CGO alloc/total, 190.7 CGO/sec, 0.5/0.5 %(u/s)time, 0.0 %gc (0x), 24 KiB/26 KiB (r/w)net
I190606 21:43:39.186751 155 server/status/runtime.go:500  [n1] runtime stats: 204 MiB RSS, 181 goroutines, 109 MiB/43 MiB/170 MiB GO alloc/idle/total, 34 MiB/43 MiB CGO alloc/total, 244.7 CGO/sec, 1.1/0.5 %(u/s)time, 0.0 %gc (0x), 31 KiB/26 KiB (r/w)net
I190606 21:43:49.536403 155 server/status/runtime.go:500  [n1] runtime stats: 205 MiB RSS, 181 goroutines, 116 MiB/37 MiB/170 MiB GO alloc/idle/total, 34 MiB/44 MiB CGO alloc/total, 199.0 CGO/sec, 0.8/0.6 %(u/s)time, 0.0 %gc (0x), 30 KiB/28 KiB (r/w)net
I190606 21:43:59.883726 155 server/status/runtime.go:500  [n1] runtime stats: 205 MiB RSS, 182 goroutines, 122 MiB/31 MiB/170 MiB GO alloc/idle/total, 34 MiB/44 MiB CGO alloc/total, 165.2 CGO/sec, 0.3/0.4 %(u/s)time, 0.0 %gc (0x), 26 KiB/31 KiB (r/w)net
I190606 21:44:10.236374 155 server/status/runtime.go:500  [n1] runtime stats: 205 MiB RSS, 182 goroutines, 128 MiB/26 MiB/170 MiB GO alloc/idle/total, 34 MiB/44 MiB CGO alloc/total, 193.0 CGO/sec, 0.6/0.5 %(u/s)time, 0.0 %gc (0x), 17 KiB/21 KiB (r/w)net
I190606 21:44:14.810150 151 gossip/gossip.go:557  [n1] gossip status (ok, 1 node)
gossip client (0/3 cur/max conns)
gossip server (0/3 cur/max conns, infos 0/0 sent/received, bytes 0B/0B sent/received)
I190606 21:44:20.583555 155 server/status/runtime.go:500  [n1] runtime stats: 205 MiB RSS, 181 goroutines, 134 MiB/19 MiB/170 MiB GO alloc/idle/total, 34 MiB/43 MiB CGO alloc/total, 217.3 CGO/sec, 0.8/0.6 %(u/s)time, 0.0 %gc (0x), 26 KiB/34 KiB (r/w)net
I190606 21:44:30.924784 155 server/status/runtime.go:500  [n1] runtime stats: 206 MiB RSS, 181 goroutines, 140 MiB/14 MiB/170 MiB GO alloc/idle/total, 42 MiB/51 MiB CGO alloc/total, 176.0 CGO/sec, 0.8/0.8 %(u/s)time, 0.0 %gc (0x), 23 KiB/29 KiB (r/w)net
I190606 21:44:41.279630 155 server/status/runtime.go:500  [n1] runtime stats: 206 MiB RSS, 181 goroutines, 146 MiB/7.6 MiB/170 MiB GO alloc/idle/total, 42 MiB/51 MiB CGO alloc/total, 187.2 CGO/sec, 1.1/0.2 %(u/s)time, 0.0 %gc (1x), 26 KiB/22 KiB (r/w)net
I190606 21:44:51.581790 155 server/status/runtime.go:500  [n1] runtime stats: 206 MiB RSS, 182 goroutines, 82 MiB/68 MiB/170 MiB GO alloc/idle/total, 42 MiB/51 MiB CGO alloc/total, 207.9 CGO/sec, 0.5/0.3 %(u/s)time, 0.0 %gc (0x), 27 KiB/28 KiB (r/w)net
I190606 21:45:01.932195 155 server/status/runtime.go:500  [n1] runtime stats: 206 MiB RSS, 182 goroutines, 89 MiB/62 MiB/170 MiB GO alloc/idle/total, 42 MiB/52 MiB CGO alloc/total, 178.4 CGO/sec, 0.3/0.6 %(u/s)time, 0.0 %gc (0x), 21 KiB/28 KiB (r/w)net
I190606 21:45:12.236421 155 server/status/runtime.go:500  [n1] runtime stats: 206 MiB RSS, 182 goroutines, 95 MiB/56 MiB/170 MiB GO alloc/idle/total, 42 MiB/51 MiB CGO alloc/total, 193.5 CGO/sec, 0.9/0.3 %(u/s)time, 0.0 %gc (0x), 5.7 KiB/7.2 KiB (r/w)net
I190606 21:45:14.810466 151 gossip/gossip.go:557  [n1] gossip status (ok, 1 node)
gossip client (0/3 cur/max conns)
gossip server (0/3 cur/max conns, infos 0/0 sent/received, bytes 0B/0B sent/received)
I190606 21:45:22.539574 155 server/status/runtime.go:500  [n1] runtime stats: 207 MiB RSS, 181 goroutines, 101 MiB/51 MiB/170 MiB GO alloc/idle/total, 42 MiB/51 MiB CGO alloc/total, 211.8 CGO/sec, 0.1/0.6 %(u/s)time, 0.0 %gc (0x), 330 B/206 B (r/w)net
I190606 21:45:32.841587 155 server/status/runtime.go:500  [n1] runtime stats: 207 MiB RSS, 181 goroutines, 107 MiB/45 MiB/170 MiB GO alloc/idle/total, 42 MiB/51 MiB CGO alloc/total, 173.7 CGO/sec, 0.5/0.3 %(u/s)time, 0.0 %gc (0x), 6.4 KiB/2.9 KiB (r/w)net
I190606 21:45:43.136703 155 server/status/runtime.go:500  [n1] runtime stats: 207 MiB RSS, 181 goroutines, 113 MiB/39 MiB/170 MiB GO alloc/idle/total, 42 MiB/51 MiB CGO alloc/total, 169.3 CGO/sec, 0.2/0.3 %(u/s)time, 0.0 %gc (0x), 5.8 KiB/2.4 KiB (r/w)net
I190606 21:45:53.431957 155 server/status/runtime.go:500  [n1] runtime stats: 207 MiB RSS, 182 goroutines, 119 MiB/34 MiB/170 MiB GO alloc/idle/total, 42 MiB/51 MiB CGO alloc/total, 212.1 CGO/sec, 0.3/0.4 %(u/s)time, 0.0 %gc (0x), 7.4 KiB/5.5 KiB (r/w)net
I190606 21:46:03.733673 155 server/status/runtime.go:500  [n1] runtime stats: 207 MiB RSS, 183 goroutines, 125 MiB/28 MiB/170 MiB GO alloc/idle/total, 42 MiB/51 MiB CGO alloc/total, 174.8 CGO/sec, 0.0/0.5 %(u/s)time, 0.0 %gc (0x), 1.5 KiB/207 B (r/w)net
W190606 21:46:06.031476 171 storage/store.go:3692  [n1,s1,r54/1:/System{/tsd/cr.n…-tse}] handle raft ready: 0.6s [processed=1]
W190606 21:46:06.032802 180 storage/store.go:3692  [n1,s1,r4/1:/System/tsd{-/cr.nod…}] handle raft ready: 0.6s [processed=1]
W190606 21:46:06.569179 181 storage/engine/rocksdb.go:2040  batch [2/177/0] commit took 536.1082ms (>= warning threshold 500ms)
W190606 21:46:06.596857 189 storage/store.go:3692  [n1,s1,r2/1:/System/NodeLiveness{-Max}] handle raft ready: 0.8s [processed=1]
W190606 21:46:06.597152 181 storage/store.go:3692  [n1,s1,r4/1:/System/tsd{-/cr.nod…}] handle raft ready: 0.6s [processed=1]
I190606 21:46:14.027477 155 server/status/runtime.go:500  [n1] runtime stats: 208 MiB RSS, 182 goroutines, 131 MiB/22 MiB/170 MiB GO alloc/idle/total, 42 MiB/51 MiB CGO alloc/total, 251.5 CGO/sec, 0.8/0.3 %(u/s)time, 0.0 %gc (0x), 564 B/277 B (r/w)net
I190606 21:46:14.816319 151 gossip/gossip.go:557  [n1] gossip status (ok, 1 node)
gossip client (0/3 cur/max conns)
gossip server (0/3 cur/max conns, infos 0/0 sent/received, bytes 0B/0B sent/received)
I190606 21:46:24.329259 155 server/status/runtime.go:500  [n1] runtime stats: 208 MiB RSS, 181 goroutines, 138 MiB/16 MiB/170 MiB GO alloc/idle/total, 42 MiB/51 MiB CGO alloc/total, 233.3 CGO/sec, 0.6/0.0 %(u/s)time, 0.0 %gc (0x), 298 B/615 B (r/w)net
I190606 21:46:34.642066 155 server/status/runtime.go:500  [n1] runtime stats: 208 MiB RSS, 181 goroutines, 144 MiB/9.7 MiB/170 MiB GO alloc/idle/total, 42 MiB/51 MiB CGO alloc/total, 170.1 CGO/sec, 0.6/0.3 %(u/s)time, 0.0 %gc (1x), 170 B/443 B (r/w)net
I190606 21:46:44.953414 155 server/status/runtime.go:500  [n1] runtime stats: 208 MiB RSS, 181 goroutines, 85 MiB/65 MiB/170 MiB GO alloc/idle/total, 42 MiB/51 MiB CGO alloc/total, 172.6 CGO/sec, 0.6/0.1 %(u/s)time, 0.0 %gc (0x), 857 B/2.2 KiB (r/w)net
I190606 21:46:55.261147 155 server/status/runtime.go:500  [n1] runtime stats: 208 MiB RSS, 182 goroutines, 92 MiB/59 MiB/170 MiB GO alloc/idle/total, 42 MiB/51 MiB CGO alloc/total, 228.5 CGO/sec, 0.3/0.3 %(u/s)time, 0.0 %gc (0x), 6.5 KiB/2.9 KiB (r/w)net
I190606 21:47:05.555216 155 server/status/runtime.go:500  [n1] runtime stats: 209 MiB RSS, 182 goroutines, 98 MiB/54 MiB/170 MiB GO alloc/idle/total, 42 MiB/51 MiB CGO alloc/total, 211.8 CGO/sec, 0.8/0.3 %(u/s)time, 0.0 %gc (0x), 84 B/108 B (r/w)net
I190606 21:47:14.816238 151 gossip/gossip.go:557  [n1] gossip status (ok, 1 node)
gossip client (0/3 cur/max conns)
gossip server (0/3 cur/max conns, infos 0/0 sent/received, bytes 0B/0B sent/received)
I190606 21:47:15.854084 155 server/status/runtime.go:500  [n1] runtime stats: 209 MiB RSS, 183 goroutines, 104 MiB/48 MiB/170 MiB GO alloc/idle/total, 42 MiB/51 MiB CGO alloc/total, 241.3 CGO/sec, 0.6/0.5 %(u/s)time, 0.0 %gc (0x), 308 B/211 B (r/w)net
I190606 21:47:26.154015 155 server/status/runtime.go:500  [n1] runtime stats: 210 MiB RSS, 181 goroutines, 110 MiB/42 MiB/170 MiB GO alloc/idle/total, 42 MiB/51 MiB CGO alloc/total, 178.4 CGO/sec, 0.2/0.3 %(u/s)time, 0.0 %gc (0x), 1.2 KiB/55 B (r/w)net
I190606 21:47:36.454116 155 server/status/runtime.go:500  [n1] runtime stats: 210 MiB RSS, 181 goroutines, 116 MiB/36 MiB/170 MiB GO alloc/idle/total, 42 MiB/51 MiB CGO alloc/total, 181.1 CGO/sec, 0.6/0.3 %(u/s)time, 0.0 %gc (0x), 574 B/194 B (r/w)net
W190606 21:47:46.096055 168 storage/store.go:3692  [n1,s1,r4/1:/System/tsd{-/cr.nod…}] handle raft ready: 0.6s [processed=1]
W190606 21:47:46.096056 178 storage/store.go:3692  [n1,s1,r54/1:/System{/tsd/cr.n…-tse}] handle raft ready: 0.6s [processed=1]
I190606 21:47:46.755593 155 server/status/runtime.go:500  [n1] runtime stats: 210 MiB RSS, 181 goroutines, 122 MiB/31 MiB/170 MiB GO alloc/idle/total, 41 MiB/51 MiB CGO alloc/total, 193.5 CGO/sec, 0.6/0.2 %(u/s)time, 0.0 %gc (0x), 0 B/0 B (r/w)net
W190606 21:47:47.493742 171 storage/store.go:3692  [n1,s1,r1/1:/{Min-System/NodeL…}] handle raft ready: 0.6s [processed=1]
I190606 21:47:57.061872 155 server/status/runtime.go:500  [n1] runtime stats: 210 MiB RSS, 182 goroutines, 128 MiB/25 MiB/170 MiB GO alloc/idle/total, 41 MiB/51 MiB CGO alloc/total, 181.8 CGO/sec, 0.3/0.5 %(u/s)time, 0.0 %gc (0x), 142 B/0 B (r/w)net
I190606 21:48:07.372686 155 server/status/runtime.go:500  [n1] runtime stats: 210 MiB RSS, 182 goroutines, 134 MiB/19 MiB/170 MiB GO alloc/idle/total, 41 MiB/51 MiB CGO alloc/total, 175.6 CGO/sec, 0.3/0.0 %(u/s)time, 0.0 %gc (0x), 128 B/0 B (r/w)net
I190606 21:48:14.811757 151 gossip/gossip.go:557  [n1] gossip status (ok, 1 node)
gossip client (0/3 cur/max conns)
gossip server (0/3 cur/max conns, infos 0/0 sent/received, bytes 0B/0B sent/received)
I190606 21:48:17.665222 155 server/status/runtime.go:500  [n1] runtime stats: 210 MiB RSS, 182 goroutines, 140 MiB/13 MiB/170 MiB GO alloc/idle/total, 41 MiB/51 MiB CGO alloc/total, 225.2 CGO/sec, 0.1/0.3 %(u/s)time, 0.0 %gc (0x), 7.3 KiB/2.8 KiB (r/w)net
I190606 21:48:27.965672 155 server/status/runtime.go:500  [n1] runtime stats: 212 MiB RSS, 181 goroutines, 147 MiB/6.8 MiB/170 MiB GO alloc/idle/total, 41 MiB/51 MiB CGO alloc/total, 187.5 CGO/sec, 1.2/0.3 %(u/s)time, 0.0 %gc (1x), 6.6 KiB/3.8 KiB (r/w)net
I190606 21:48:38.276679 155 server/status/runtime.go:500  [n1] runtime stats: 212 MiB RSS, 181 goroutines, 81 MiB/69 MiB/170 MiB GO alloc/idle/total, 41 MiB/51 MiB CGO alloc/total, 176.9 CGO/sec, 0.8/0.3 %(u/s)time, 0.0 %gc (0x), 75 B/7 B (r/w)net
I190606 21:48:48.608677 155 server/status/runtime.go:500  [n1] runtime stats: 212 MiB RSS, 181 goroutines, 87 MiB/63 MiB/170 MiB GO alloc/idle/total, 41 MiB/51 MiB CGO alloc/total, 281.1 CGO/sec, 1.1/0.1 %(u/s)time, 0.0 %gc (0x), 121 B/46 B (r/w)net
I190606 21:48:58.915850 155 server/status/runtime.go:500  [n1] runtime stats: 212 MiB RSS, 182 goroutines, 94 MiB/57 MiB/170 MiB GO alloc/idle/total, 41 MiB/51 MiB CGO alloc/total, 183.5 CGO/sec, 0.3/0.5 %(u/s)time, 0.0 %gc (0x), 290 B/147 B (r/w)net
I190606 21:49:09.221884 155 server/status/runtime.go:500  [n1] runtime stats: 212 MiB RSS, 182 goroutines, 100 MiB/52 MiB/170 MiB GO alloc/idle/total, 41 MiB/51 MiB CGO alloc/total, 188.2 CGO/sec, 0.2/0.5 %(u/s)time, 0.0 %gc (0x), 620 B/218 B (r/w)net
I190606 21:49:14.813047 151 gossip/gossip.go:557  [n1] gossip status (ok, 1 node)
gossip client (0/3 cur/max conns)
gossip server (0/3 cur/max conns, infos 0/0 sent/received, bytes 0B/0B sent/received)
I190606 21:49:19.533909 155 server/status/runtime.go:500  [n1] runtime stats: 213 MiB RSS, 182 goroutines, 106 MiB/46 MiB/170 MiB GO alloc/idle/total, 41 MiB/51 MiB CGO alloc/total, 212.5 CGO/sec, 0.4/0.2 %(u/s)time, 0.0 %gc (0x), 8.3 KiB/4.8 KiB (r/w)net
W190606 21:49:26.062993 177 storage/store.go:3692  [n1,s1,r54/1:/System{/tsd/cr.n…-tse}] handle raft ready: 0.6s [processed=1]
W190606 21:49:26.064312 179 storage/store.go:3692  [n1,s1,r4/1:/System/tsd{-/cr.nod…}] handle raft ready: 0.6s [processed=1]
W190606 21:49:26.583432 178 storage/engine/rocksdb.go:2040  batch [2/173/0] commit took 519.2984ms (>= warning threshold 500ms)
W190606 21:49:26.622232 168 storage/store.go:3692  [n1,s1,r1/1:/{Min-System/NodeL…}] handle raft ready: 0.7s [processed=1]
W190606 21:49:26.650102 171 storage/store.go:3692  [n1,s1,r4/1:/System/tsd{-/cr.nod…}] handle raft ready: 0.6s [processed=1]
W190606 21:49:26.650136 178 storage/store.go:3692  [n1,s1,r54/1:/System{/tsd/cr.n…-tse}] handle raft ready: 0.6s [processed=1]
I190606 21:49:29.839553 155 server/status/runtime.go:500  [n1] runtime stats: 213 MiB RSS, 181 goroutines, 113 MiB/40 MiB/170 MiB GO alloc/idle/total, 41 MiB/51 MiB CGO alloc/total, 193.4 CGO/sec, 0.3/0.1 %(u/s)time, 0.0 %gc (0x), 4.5 KiB/3.3 KiB (r/w)net
I190606 21:49:40.141956 155 server/status/runtime.go:500  [n1] runtime stats: 213 MiB RSS, 181 goroutines, 119 MiB/34 MiB/170 MiB GO alloc/idle/total, 41 MiB/51 MiB CGO alloc/total, 184.5 CGO/sec, 0.3/0.3 %(u/s)time, 0.0 %gc (0x), 1.3 KiB/2.2 KiB (r/w)net
I190606 21:49:50.449773 155 server/status/runtime.go:500  [n1] runtime stats: 213 MiB RSS, 182 goroutines, 125 MiB/29 MiB/170 MiB GO alloc/idle/total, 41 MiB/51 MiB CGO alloc/total, 186.8 CGO/sec, 0.5/0.5 %(u/s)time, 0.0 %gc (0x), 180 B/278 B (r/w)net
I190606 21:50:00.754438 155 server/status/runtime.go:500  [n1] runtime stats: 214 MiB RSS, 182 goroutines, 131 MiB/22 MiB/170 MiB GO alloc/idle/total, 41 MiB/51 MiB CGO alloc/total, 188.7 CGO/sec, 0.3/0.6 %(u/s)time, 0.0 %gc (0x), 188 B/108 B (r/w)net
I190606 21:50:11.047170 155 server/status/runtime.go:500  [n1] runtime stats: 214 MiB RSS, 182 goroutines, 137 MiB/17 MiB/170 MiB GO alloc/idle/total, 41 MiB/51 MiB CGO alloc/total, 189.6 CGO/sec, 0.6/0.3 %(u/s)time, 0.0 %gc (0x), 6.9 KiB/3.1 KiB (r/w)net
I190606 21:50:14.808820 151 gossip/gossip.go:557  [n1] gossip status (ok, 1 node)
gossip client (0/3 cur/max conns)
gossip server (0/3 cur/max conns, infos 0/0 sent/received, bytes 0B/0B sent/received)
I190606 21:50:21.356076 155 server/status/runtime.go:500  [n1] runtime stats: 214 MiB RSS, 181 goroutines, 143 MiB/11 MiB/170 MiB GO alloc/idle/total, 41 MiB/51 MiB CGO alloc/total, 200.3 CGO/sec, 0.6/0.2 %(u/s)time, 0.0 %gc (1x), 210 B/4 B (r/w)net
I190606 21:50:31.662446 155 server/status/runtime.go:500  [n1] runtime stats: 214 MiB RSS, 181 goroutines, 78 MiB/72 MiB/170 MiB GO alloc/idle/total, 41 MiB/51 MiB CGO alloc/total, 191.5 CGO/sec, 0.0/0.6 %(u/s)time, 0.0 %gc (0x), 288 B/1.1 KiB (r/w)net
I190606 21:50:41.954711 155 server/status/runtime.go:500  [n1] runtime stats: 214 MiB RSS, 181 goroutines, 85 MiB/66 MiB/170 MiB GO alloc/idle/total, 41 MiB/51 MiB CGO alloc/total, 175.7 CGO/sec, 0.6/0.2 %(u/s)time, 0.0 %gc (0x), 150 B/6 B (r/w)net
W190606 21:50:43.742326 187 storage/store.go:3692  [n1,s1,r1/1:/{Min-System/NodeL…}] handle raft ready: 1.3s [processed=1]
W190606 21:50:45.726029 185 storage/engine/rocksdb.go:2040  batch [2/325/0] commit took 915.7863ms (>= warning threshold 500ms)
W190606 21:50:45.809440 185 storage/store.go:3692  [n1,s1,r2/1:/System/NodeLiveness{-Max}] handle raft ready: 1.0s [processed=1]
W190606 21:50:45.940195 252 storage/node_liveness.go:523  [n1,hb] slow heartbeat took 1.1s
W190606 21:50:48.167493 184 storage/store.go:3692  [n1,s1,r1/1:/{Min-System/NodeL…}] handle raft ready: 1.2s [processed=1]
W190606 21:50:50.371739 196 storage/store.go:3692  [n1,s1,r2/1:/System/NodeLiveness{-Max}] handle raft ready: 1.1s [processed=1]
W190606 21:50:50.410389 252 storage/node_liveness.go:523  [n1,hb] slow heartbeat took 1.1s
I190606 21:50:52.251852 155 server/status/runtime.go:500  [n1] runtime stats: 215 MiB RSS, 182 goroutines, 91 MiB/60 MiB/170 MiB GO alloc/idle/total, 40 MiB/51 MiB CGO alloc/total, 200.1 CGO/sec, 0.8/0.5 %(u/s)time, 0.0 %gc (0x), 0 B/0 B (r/w)net
I190606 21:51:02.551711 155 server/status/runtime.go:500  [n1] runtime stats: 215 MiB RSS, 182 goroutines, 97 MiB/54 MiB/170 MiB GO alloc/idle/total, 40 MiB/51 MiB CGO alloc/total, 181.8 CGO/sec, 0.3/0.1 %(u/s)time, 0.0 %gc (0x), 12 KiB/1.2 KiB (r/w)net
W190606 21:51:06.621971 167 storage/engine/rocksdb.go:2040  batch [5/183/0] commit took 565.885ms (>= warning threshold 500ms)
W190606 21:51:06.622355 176 storage/store.go:3692  [n1,s1,r4/1:/System/tsd{-/cr.nod…}] handle raft ready: 0.8s [processed=1]
W190606 21:51:06.622355 167 storage/store.go:3692  [n1,s1,r54/1:/System{/tsd/cr.n…-tse}] handle raft ready: 0.8s [processed=1]
I190606 21:51:12.850779 155 server/status/runtime.go:500  [n1] runtime stats: 215 MiB RSS, 182 goroutines, 104 MiB/48 MiB/170 MiB GO alloc/idle/total, 48 MiB/59 MiB CGO alloc/total, 199.7 CGO/sec, 0.3/0.3 %(u/s)time, 0.0 %gc (0x), 12 KiB/1.1 KiB (r/w)net
I190606 21:51:14.815918 151 gossip/gossip.go:557  [n1] gossip status (ok, 1 node)
gossip client (0/3 cur/max conns)
gossip server (0/3 cur/max conns, infos 0/0 sent/received, bytes 0B/0B sent/received)
E190606 21:51:15.469325 133 storage/queue.go:930  [n1,replicate] 25 replicas failing with "0 of 1 live stores are able to take a new replica for the range (1 already has a replica); likely not enough nodes in cluster"
I190606 21:51:23.155035 155 server/status/runtime.go:500  [n1] runtime stats: 216 MiB RSS, 190 goroutines, 110 MiB/42 MiB/170 MiB GO alloc/idle/total, 48 MiB/59 MiB CGO alloc/total, 242.4 CGO/sec, 0.5/0.1 %(u/s)time, 0.0 %gc (0x), 6.9 KiB/6.0 KiB (r/w)net
I190606 21:51:24.814424 150 storage/store.go:4204  [n1,s1] sstables (read amplification = 1):
6 [ 10M 3 ]: 4M[2] 2M
I190606 21:51:24.814572 150 storage/store.go:4205  [n1,s1] 
** Compaction Stats [default] **
Level    Files   Size     Score Read(GB)  Rn(GB) Rnp1(GB) Write(GB) Wnew(GB) Moved(GB) W-Amp Rd(MB/s) Wr(MB/s) Comp(sec) Comp(cnt) Avg(sec) KeyIn KeyDrop
----------------------------------------------------------------------------------------------------------------------------------------------------------
  L0      0/0    0.00 KB   0.0      0.0     0.0      0.0       0.0      0.0       0.0   1.0      0.0      0.7         0         1    0.097       0      0
  L6      3/0    9.74 MB   0.0      0.0     0.0      0.0       0.0      0.0       0.0  29.2      5.6      5.6         2         1    1.752     36K   4724
 Sum      3/0    9.74 MB   0.0      0.0     0.0      0.0       0.0      0.0       0.0 137.9      5.3      5.3         2         2    0.925     36K   4724
 Int      0/0    0.00 KB   0.0      0.0     0.0      0.0       0.0      0.0       0.0   0.0      0.0      0.0         0         0    0.000       0      0
Uptime(secs): 1210.7 total, 600.0 interval
Flush(GB): cumulative 0.000, interval 0.000
AddFile(GB): cumulative 0.000, interval 0.000
AddFile(Total Files): cumulative 0, interval 0
AddFile(L0 Files): cumulative 0, interval 0
AddFile(Keys): cumulative 0, interval 0
Cumulative compaction: 0.01 GB write, 0.01 MB/s write, 0.01 GB read, 0.01 MB/s read, 1.8 seconds
Interval compaction: 0.00 GB write, 0.00 MB/s write, 0.00 GB read, 0.00 MB/s read, 0.0 seconds
Stalls(count): 0 level0_slowdown, 0 level0_slowdown_with_compaction, 0 level0_numfiles, 0 level0_numfiles_with_compaction, 0 stop for pending_compaction_bytes, 0 slowdown for pending_compaction_bytes, 0 memtable_compaction, 0 memtable_slowdown, interval 0 total count
estimated_pending_compaction_bytes: 0 B
I190606 21:51:33.496273 155 server/status/runtime.go:500  [n1] runtime stats: 216 MiB RSS, 181 goroutines, 117 MiB/36 MiB/170 MiB GO alloc/idle/total, 48 MiB/59 MiB CGO alloc/total, 235.1 CGO/sec, 0.3/0.2 %(u/s)time, 0.0 %gc (0x), 28 KiB/13 KiB (r/w)net
I190606 21:51:43.803718 155 server/status/runtime.go:500  [n1] runtime stats: 216 MiB RSS, 181 goroutines, 123 MiB/31 MiB/170 MiB GO alloc/idle/total, 48 MiB/59 MiB CGO alloc/total, 188.6 CGO/sec, 0.6/0.6 %(u/s)time, 0.0 %gc (0x), 24 KiB/15 KiB (r/w)net
I190606 21:51:54.107223 155 server/status/runtime.go:500  [n1] runtime stats: 216 MiB RSS, 182 goroutines, 129 MiB/25 MiB/170 MiB GO alloc/idle/total, 48 MiB/59 MiB CGO alloc/total, 195.2 CGO/sec, 0.3/0.6 %(u/s)time, 0.0 %gc (0x), 13 KiB/7.7 KiB (r/w)net
I190606 21:52:04.413297 155 server/status/runtime.go:500  [n1] runtime stats: 216 MiB RSS, 182 goroutines, 135 MiB/19 MiB/170 MiB GO alloc/idle/total, 48 MiB/59 MiB CGO alloc/total, 182.1 CGO/sec, 0.5/0.3 %(u/s)time, 0.0 %gc (0x), 13 KiB/931 B (r/w)net
I190606 21:52:14.744710 155 server/status/runtime.go:500  [n1] runtime stats: 216 MiB RSS, 182 goroutines, 141 MiB/13 MiB/170 MiB GO alloc/idle/total, 48 MiB/59 MiB CGO alloc/total, 175.4 CGO/sec, 0.3/0.2 %(u/s)time, 0.0 %gc (0x), 6.6 KiB/897 B (r/w)net
I190606 21:52:14.810431 151 gossip/gossip.go:557  [n1] gossip status (ok, 1 node)
gossip client (0/3 cur/max conns)
gossip server (0/3 cur/max conns, infos 0/0 sent/received, bytes 0B/0B sent/received)
I190606 21:52:25.049979 155 server/status/runtime.go:500  [n1] runtime stats: 217 MiB RSS, 183 goroutines, 82 MiB/67 MiB/170 MiB GO alloc/idle/total, 48 MiB/59 MiB CGO alloc/total, 207.3 CGO/sec, 0.9/0.6 %(u/s)time, 0.0 %gc (1x), 32 KiB/44 KiB (r/w)net
W190606 21:52:27.212086 187 storage/engine/rocksdb.go:2040  batch [2/325/0] commit took 3.4001581s (>= warning threshold 500ms)
W190606 21:52:28.312336 252 storage/node_liveness.go:523  [n1,hb] slow heartbeat took 4.5s
W190606 21:52:28.312357 252 storage/node_liveness.go:463  [n1,hb] failed node liveness heartbeat: aborted during DistSender.Send: context deadline exceeded
W190606 21:52:30.779201 122 storage/engine/rocksdb.go:2040  batch [8/94693/0] commit took 3.5669576s (>= warning threshold 500ms)
W190606 21:52:30.779673 182 storage/store.go:3692  [n1,s1,r1/1:/{Min-System/NodeL…}] handle raft ready: 7.1s [processed=1]
I190606 21:52:31.313035 2032 internal/client/txn.go:618  [n1] async rollback failed: context deadline exceeded
I190606 21:52:31.378136 62 gossip/gossip.go:1510  [n1] node has connected to cluster via gossip
W190606 21:52:32.813124 252 storage/node_liveness.go:523  [n1,hb] slow heartbeat took 4.5s
W190606 21:52:32.813137 252 storage/node_liveness.go:463  [n1,hb] failed node liveness heartbeat: aborted during DistSender.Send: context deadline exceeded
W190606 21:52:32.825776 64 storage/closedts/provider/provider.go:156  [ct-closer] unable to move closed timestamp forward: not live
W190606 21:52:33.824882 187 storage/engine/rocksdb.go:2040  batch [2/192/2] commit took 3.0455571s (>= warning threshold 500ms)
W190606 21:52:33.825365 188 storage/store.go:3692  [n1,s1,r3/1:/System/{NodeLive…-tsd}] handle raft ready: 7.8s [processed=1]
W190606 21:52:33.825366 187 storage/store.go:3692  [n1,s1,r2/1:/System/NodeLiveness{-Max}] handle raft ready: 10.0s [processed=1]
W190606 21:52:33.919760 183 storage/store.go:3692  [n1,s1,r54/1:/System{/tsd/cr.n…-tse}] handle raft ready: 8.4s [processed=1]
W190606 21:52:33.921922 185 storage/store.go:3692  [n1,s1,r4/1:/System/tsd{-/cr.nod…}] handle raft ready: 8.4s [processed=1]
W190606 21:52:33.922067 193 storage/store.go:3692  [n1,s1,r1/1:/{Min-System/NodeL…}] handle raft ready: 3.1s [processed=1]
W190606 21:52:34.115843 2086 storage/node_liveness.go:523  [n1,s1,r4/1:/System/tsd{-/cr.nod…}] slow heartbeat took 3.4s
W190606 21:52:34.115940 252 storage/node_liveness.go:523  [n1,hb] slow heartbeat took 1.3s
W190606 21:52:34.115947 2045 storage/node_liveness.go:523  [n1,s1,r3/1:/System/{NodeLive…-tsd}] slow heartbeat took 1.4s
I190606 21:52:35.348897 155 server/status/runtime.go:500  [n1] runtime stats: 217 MiB RSS, 181 goroutines, 89 MiB/61 MiB/170 MiB GO alloc/idle/total, 48 MiB/59 MiB CGO alloc/total, 263.1 CGO/sec, 1.7/1.1 %(u/s)time, 0.0 %gc (0x), 5.1 KiB/5.7 KiB (r/w)net
W190606 21:52:42.312274 178 storage/engine/rocksdb.go:2040  batch [2/221/0] commit took 502.1135ms (>= warning threshold 500ms)
W190606 21:52:42.350484 189 storage/store.go:3692  [n1,s1,r1/1:/{Min-System/NodeL…}] handle raft ready: 0.7s [processed=1]
W190606 21:52:42.350506 178 storage/store.go:3692  [n1,s1,r2/1:/System/NodeLiveness{-Max}] handle raft ready: 0.5s [processed=1]
I190606 21:52:45.669599 155 server/status/runtime.go:500  [n1] runtime stats: 217 MiB RSS, 181 goroutines, 96 MiB/56 MiB/170 MiB GO alloc/idle/total, 48 MiB/59 MiB CGO alloc/total, 217.6 CGO/sec, 0.9/0.8 %(u/s)time, 0.0 %gc (0x), 300 B/372 B (r/w)net
I190606 21:52:56.018049 155 server/status/runtime.go:500  [n1] runtime stats: 218 MiB RSS, 185 goroutines, 102 MiB/50 MiB/170 MiB GO alloc/idle/total, 48 MiB/59 MiB CGO alloc/total, 201.2 CGO/sec, 0.8/0.8 %(u/s)time, 0.0 %gc (0x), 142 B/0 B (r/w)net
I190606 21:53:06.316536 155 server/status/runtime.go:500  [n1] runtime stats: 218 MiB RSS, 182 goroutines, 109 MiB/43 MiB/170 MiB GO alloc/idle/total, 48 MiB/59 MiB CGO alloc/total, 189.7 CGO/sec, 1.2/1.1 %(u/s)time, 0.0 %gc (0x), 16 KiB/38 KiB (r/w)net
I190606 21:53:14.812115 151 gossip/gossip.go:557  [n1] gossip status (ok, 1 node)
gossip client (0/3 cur/max conns)
gossip server (0/3 cur/max conns, infos 0/0 sent/received, bytes 0B/0B sent/received)
I190606 21:53:16.628042 155 server/status/runtime.go:500  [n1] runtime stats: 218 MiB RSS, 182 goroutines, 115 MiB/37 MiB/170 MiB GO alloc/idle/total, 48 MiB/59 MiB CGO alloc/total, 207.5 CGO/sec, 0.5/0.8 %(u/s)time, 0.0 %gc (0x), 7.4 KiB/7.2 KiB (r/w)net
I190606 21:53:26.929921 155 server/status/runtime.go:500  [n1] runtime stats: 218 MiB RSS, 181 goroutines, 121 MiB/32 MiB/170 MiB GO alloc/idle/total, 48 MiB/59 MiB CGO alloc/total, 184.6 CGO/sec, 0.9/0.5 %(u/s)time, 0.0 %gc (0x), 32 KiB/7.9 KiB (r/w)net
I190606 21:53:37.259803 155 server/status/runtime.go:500  [n1] runtime stats: 218 MiB RSS, 181 goroutines, 127 MiB/26 MiB/170 MiB GO alloc/idle/total, 48 MiB/59 MiB CGO alloc/total, 184.8 CGO/sec, 0.5/0.6 %(u/s)time, 0.0 %gc (0x), 17 KiB/4.2 KiB (r/w)net
I190606 21:53:47.556174 155 server/status/runtime.go:500  [n1] runtime stats: 219 MiB RSS, 181 goroutines, 133 MiB/20 MiB/170 MiB GO alloc/idle/total, 48 MiB/59 MiB CGO alloc/total, 190.1 CGO/sec, 0.9/0.9 %(u/s)time, 0.0 %gc (0x), 516 B/438 B (r/w)net
I190606 21:53:57.847204 155 server/status/runtime.go:500  [n1] runtime stats: 219 MiB RSS, 182 goroutines, 139 MiB/14 MiB/170 MiB GO alloc/idle/total, 48 MiB/59 MiB CGO alloc/total, 254.9 CGO/sec, 1.4/1.5 %(u/s)time, 0.0 %gc (0x), 1.2 MiB/32 KiB (r/w)net
W190606 21:53:58.858434 204 storage/store.go:3692  [n1,s1,r2/1:/System/NodeLiveness{-Max}] handle raft ready: 0.5s [processed=1]
W190606 21:53:58.858514 184 storage/store.go:3692  [n1,s1,r1/1:/{Min-System/NodeL…}] handle raft ready: 0.7s [processed=1]
I190606 21:54:08.178826 155 server/status/runtime.go:500  [n1] runtime stats: 219 MiB RSS, 182 goroutines, 146 MiB/8.1 MiB/170 MiB GO alloc/idle/total, 48 MiB/59 MiB CGO alloc/total, 196.1 CGO/sec, 1.5/0.8 %(u/s)time, 0.0 %gc (1x), 7.4 KiB/3.6 KiB (r/w)net
I190606 21:54:14.810211 151 gossip/gossip.go:557  [n1] gossip status (ok, 1 node)
gossip client (0/3 cur/max conns)
gossip server (0/3 cur/max conns, infos 0/0 sent/received, bytes 0B/0B sent/received)
I190606 21:54:18.522887 155 server/status/runtime.go:500  [n1] runtime stats: 219 MiB RSS, 182 goroutines, 80 MiB/68 MiB/170 MiB GO alloc/idle/total, 48 MiB/59 MiB CGO alloc/total, 205.3 CGO/sec, 1.5/0.9 %(u/s)time, 0.0 %gc (0x), 1.1 MiB/12 KiB (r/w)net
I190606 21:54:28.880961 155 server/status/runtime.go:500  [n1] runtime stats: 220 MiB RSS, 181 goroutines, 87 MiB/63 MiB/170 MiB GO alloc/idle/total, 48 MiB/59 MiB CGO alloc/total, 185.5 CGO/sec, 1.5/1.7 %(u/s)time, 0.0 %gc (0x), 5.4 KiB/3.9 KiB (r/w)net
I190606 21:54:39.226978 155 server/status/runtime.go:500  [n1] runtime stats: 220 MiB RSS, 183 goroutines, 94 MiB/57 MiB/170 MiB GO alloc/idle/total, 48 MiB/59 MiB CGO alloc/total, 185.2 CGO/sec, 1.5/1.4 %(u/s)time, 0.0 %gc (0x), 183 B/0 B (r/w)net
W190606 21:54:46.283706 219 storage/engine/rocksdb.go:2040  batch [4/55673/0] commit took 583.1519ms (>= warning threshold 500ms)
W190606 21:54:46.283930 202 storage/store.go:3692  [n1,s1,r3/1:/System/{NodeLive…-tsd}] handle raft ready: 1.0s [processed=1]
W190606 21:54:46.335170 210 storage/store.go:3692  [n1,s1,r4/1:/System/tsd{-/cr.nod…}] handle raft ready: 0.9s [processed=1]
W190606 21:54:46.337799 219 storage/store.go:3692  [n1,s1,r54/1:/System{/tsd/cr.n…-tse}] handle raft ready: 0.9s [processed=1]
I190606 21:54:49.519015 155 server/status/runtime.go:500  [n1] runtime stats: 220 MiB RSS, 181 goroutines, 100 MiB/52 MiB/170 MiB GO alloc/idle/total, 48 MiB/59 MiB CGO alloc/total, 199.9 CGO/sec, 1.8/0.9 %(u/s)time, 0.0 %gc (0x), 44 KiB/36 KiB (r/w)net
W190606 21:54:57.937277 182 storage/store.go:3692  [n1,s1,r2/1:/System/NodeLiveness{-Max}] handle raft ready: 1.1s [processed=1]
W190606 21:54:58.020562 252 storage/node_liveness.go:523  [n1,hb] slow heartbeat took 1.2s
I190606 21:54:59.873121 155 server/status/runtime.go:500  [n1] runtime stats: 220 MiB RSS, 182 goroutines, 106 MiB/46 MiB/170 MiB GO alloc/idle/total, 48 MiB/59 MiB CGO alloc/total, 175.3 CGO/sec, 1.4/0.9 %(u/s)time, 0.0 %gc (0x), 25 KiB/39 KiB (r/w)net
I190606 21:55:10.226748 155 server/status/runtime.go:500  [n1] runtime stats: 221 MiB RSS, 182 goroutines, 112 MiB/40 MiB/170 MiB GO alloc/idle/total, 48 MiB/59 MiB CGO alloc/total, 174.0 CGO/sec, 0.9/0.4 %(u/s)time, 0.0 %gc (0x), 6.9 KiB/3.5 KiB (r/w)net
I190606 21:55:14.808657 151 gossip/gossip.go:557  [n1] gossip status (ok, 1 node)
gossip client (0/3 cur/max conns)
gossip server (0/3 cur/max conns, infos 0/0 sent/received, bytes 0B/0B sent/received)
I190606 21:55:20.592367 155 server/status/runtime.go:500  [n1] runtime stats: 221 MiB RSS, 181 goroutines, 118 MiB/35 MiB/170 MiB GO alloc/idle/total, 48 MiB/59 MiB CGO alloc/total, 220.4 CGO/sec, 0.5/0.9 %(u/s)time, 0.0 %gc (0x), 247 B/197 B (r/w)net
I190606 21:55:33.000821 155 server/status/runtime.go:500  [n1] runtime stats: 221 MiB RSS, 181 goroutines, 124 MiB/29 MiB/170 MiB GO alloc/idle/total, 48 MiB/59 MiB CGO alloc/total, 154.6 CGO/sec, 0.8/1.3 %(u/s)time, 0.0 %gc (0x), 391 B/114 B (r/w)net
W190606 21:55:33.636918 171 storage/engine/rocksdb.go:2040  batch [2/221/0] commit took 825.9807ms (>= warning threshold 500ms)
W190606 21:55:33.676144 168 storage/store.go:3692  [n1,s1,r1/1:/{Min-System/NodeL…}] handle raft ready: 1.0s [processed=1]
W190606 21:55:33.676316 171 storage/store.go:3692  [n1,s1,r2/1:/System/NodeLiveness{-Max}] handle raft ready: 0.9s [processed=1]
W190606 21:55:36.403171 181 storage/engine/rocksdb.go:2040  batch [2/32068/0] commit took 924.2865ms (>= warning threshold 500ms)
W190606 21:55:36.463724 182 storage/store.go:3692  [n1,s1,r3/1:/System/{NodeLive…-tsd}] handle raft ready: 1.2s [processed=1]
W190606 21:55:36.504185 181 storage/store.go:3692  [n1,s1,r54/1:/System{/tsd/cr.n…-tse}] handle raft ready: 1.0s [processed=1]
W190606 21:55:36.506632 178 storage/store.go:3692  [n1,s1,r4/1:/System/tsd{-/cr.nod…}] handle raft ready: 1.0s [processed=1]
W190606 21:55:38.139243 190 storage/engine/rocksdb.go:2040  batch [2/325/0] commit took 828.6843ms (>= warning threshold 500ms)
W190606 21:55:38.189492 183 storage/store.go:3692  [n1,s1,r1/1:/{Min-System/NodeL…}] handle raft ready: 1.0s [processed=1]
W190606 21:55:38.189782 190 storage/store.go:3692  [n1,s1,r2/1:/System/NodeLiveness{-Max}] handle raft ready: 0.9s [processed=1]
W190606 21:55:42.554702 195 storage/engine/rocksdb.go:2040  batch [2/221/0] commit took 743.1026ms (>= warning threshold 500ms)
W190606 21:55:43.286438 200 storage/engine/rocksdb.go:2040  batch [2/182/2] commit took 731.6279ms (>= warning threshold 500ms)
W190606 21:55:43.286758 200 storage/store.go:3692  [n1,s1,r1/1:/{Min-System/NodeL…}] handle raft ready: 1.6s [processed=1]
W190606 21:55:43.286840 195 storage/store.go:3692  [n1,s1,r2/1:/System/NodeLiveness{-Max}] handle raft ready: 1.5s [processed=1]
I190606 21:55:43.334324 155 server/status/runtime.go:500  [n1] runtime stats: 221 MiB RSS, 183 goroutines, 130 MiB/23 MiB/170 MiB GO alloc/idle/total, 48 MiB/59 MiB CGO alloc/total, 195.7 CGO/sec, 0.8/1.2 %(u/s)time, 0.0 %gc (0x), 204 B/270 B (r/w)net
W190606 21:55:43.345929 252 storage/node_liveness.go:523  [n1,hb] slow heartbeat took 1.5s
W190606 21:55:47.469745 209 storage/engine/rocksdb.go:2040  batch [3/495/0] commit took 1.1577712s (>= warning threshold 500ms)
W190606 21:55:47.558318 217 storage/store.go:3692  [n1,s1,r1/1:/{Min-System/NodeL…}] handle raft ready: 1.4s [processed=1]
W190606 21:55:47.558500 252 storage/node_liveness.go:523  [n1,hb] slow heartbeat took 1.2s
W190606 21:55:47.558652 209 storage/store.go:3692  [n1,s1,r2/1:/System/NodeLiveness{-Max}] handle raft ready: 1.2s [processed=2]
I190606 21:55:53.635394 155 server/status/runtime.go:500  [n1] runtime stats: 222 MiB RSS, 183 goroutines, 136 MiB/17 MiB/170 MiB GO alloc/idle/total, 48 MiB/59 MiB CGO alloc/total, 196.0 CGO/sec, 0.8/0.9 %(u/s)time, 0.0 %gc (0x), 222 B/326 B (r/w)net
I190606 21:56:03.944572 155 server/status/runtime.go:500  [n1] runtime stats: 222 MiB RSS, 182 goroutines, 142 MiB/12 MiB/170 MiB GO alloc/idle/total, 48 MiB/59 MiB CGO alloc/total, 173.0 CGO/sec, 1.2/0.2 %(u/s)time, 0.0 %gc (0x), 108 B/55 B (r/w)net
I190606 21:56:14.255356 155 server/status/runtime.go:500  [n1] runtime stats: 223 MiB RSS, 182 goroutines, 148 MiB/5.3 MiB/170 MiB GO alloc/idle/total, 48 MiB/59 MiB CGO alloc/total, 202.9 CGO/sec, 1.7/0.3 %(u/s)time, 0.0 %gc (1x), 180 B/211 B (r/w)net
I190606 21:56:14.815119 151 gossip/gossip.go:557  [n1] gossip status (ok, 1 node)
gossip client (0/3 cur/max conns)
gossip server (0/3 cur/max conns, infos 0/0 sent/received, bytes 0B/0B sent/received)
I190606 21:56:24.572882 155 server/status/runtime.go:500  [n1] runtime stats: 223 MiB RSS, 181 goroutines, 81 MiB/67 MiB/168 MiB GO alloc/idle/total, 48 MiB/59 MiB CGO alloc/total, 201.4 CGO/sec, 0.6/0.9 %(u/s)time, 0.0 %gc (0x), 366 B/874 B (r/w)net
I190606 21:56:34.870877 155 server/status/runtime.go:500  [n1] runtime stats: 224 MiB RSS, 181 goroutines, 88 MiB/61 MiB/168 MiB GO alloc/idle/total, 48 MiB/59 MiB CGO alloc/total, 265.1 CGO/sec, 0.9/1.2 %(u/s)time, 0.0 %gc (0x), 222 B/588 B (r/w)net
I190606 21:56:45.195465 155 server/status/runtime.go:500  [n1] runtime stats: 224 MiB RSS, 181 goroutines, 101 MiB/50 MiB/168 MiB GO alloc/idle/total, 48 MiB/59 MiB CGO alloc/total, 207.9 CGO/sec, 1.1/1.4 %(u/s)time, 0.0 %gc (0x), 6.4 KiB/2.9 KiB (r/w)net
I190606 21:56:55.492495 155 server/status/runtime.go:500  [n1] runtime stats: 224 MiB RSS, 182 goroutines, 107 MiB/44 MiB/168 MiB GO alloc/idle/total, 48 MiB/59 MiB CGO alloc/total, 193.8 CGO/sec, 1.4/1.2 %(u/s)time, 0.0 %gc (0x), 200 B/0 B (r/w)net
I190606 21:57:05.800840 155 server/status/runtime.go:500  [n1] runtime stats: 224 MiB RSS, 183 goroutines, 114 MiB/38 MiB/168 MiB GO alloc/idle/total, 48 MiB/59 MiB CGO alloc/total, 221.4 CGO/sec, 0.5/0.6 %(u/s)time, 0.0 %gc (0x), 420 B/198 B (r/w)net
I190606 21:57:14.814576 151 gossip/gossip.go:557  [n1] gossip status (ok, 1 node)
gossip client (0/3 cur/max conns)
gossip server (0/3 cur/max conns, infos 0/0 sent/received, bytes 0B/0B sent/received)
I190606 21:57:16.106404 155 server/status/runtime.go:500  [n1] runtime stats: 224 MiB RSS, 182 goroutines, 120 MiB/32 MiB/168 MiB GO alloc/idle/total, 48 MiB/59 MiB CGO alloc/total, 216.1 CGO/sec, 0.8/0.6 %(u/s)time, 0.0 %gc (0x), 5.6 KiB/1.2 KiB (r/w)net
W190606 21:57:17.062526 186 storage/engine/rocksdb.go:2040  batch [4/167/0] commit took 594.5165ms (>= warning threshold 500ms)
W190606 21:57:17.063273 182 storage/store.go:3692  [n1,s1,r2/1:/System/NodeLiveness{-Max}] handle raft ready: 0.8s [processed=1]
W190606 21:57:17.063907 186 storage/store.go:3692  [n1,s1,r4/1:/System/tsd{-/cr.nod…}] handle raft ready: 1.0s [processed=1]
I190606 21:57:26.490238 155 server/status/runtime.go:500  [n1] runtime stats: 224 MiB RSS, 181 goroutines, 126 MiB/26 MiB/168 MiB GO alloc/idle/total, 48 MiB/59 MiB CGO alloc/total, 198.1 CGO/sec, 0.8/0.6 %(u/s)time, 0.0 %gc (0x), 12 KiB/10 KiB (r/w)net
I190606 21:57:36.918878 155 server/status/runtime.go:500  [n1] runtime stats: 225 MiB RSS, 181 goroutines, 132 MiB/21 MiB/168 MiB GO alloc/idle/total, 48 MiB/59 MiB CGO alloc/total, 171.6 CGO/sec, 1.5/0.6 %(u/s)time, 0.0 %gc (0x), 16 KiB/21 KiB (r/w)net
I190606 21:57:47.264752 155 server/status/runtime.go:500  [n1] runtime stats: 225 MiB RSS, 181 goroutines, 138 MiB/15 MiB/168 MiB GO alloc/idle/total, 56 MiB/67 MiB CGO alloc/total, 187.5 CGO/sec, 1.2/0.3 %(u/s)time, 0.0 %gc (0x), 16 KiB/21 KiB (r/w)net
I190606 21:57:57.618257 155 server/status/runtime.go:500  [n1] runtime stats: 225 MiB RSS, 182 goroutines, 144 MiB/8.9 MiB/168 MiB GO alloc/idle/total, 56 MiB/67 MiB CGO alloc/total, 199.6 CGO/sec, 0.9/0.3 %(u/s)time, 0.0 %gc (0x), 25 KiB/22 KiB (r/w)net
I190606 21:58:07.962971 155 server/status/runtime.go:500  [n1] runtime stats: 225 MiB RSS, 182 goroutines, 77 MiB/71 MiB/168 MiB GO alloc/idle/total, 56 MiB/67 MiB CGO alloc/total, 181.0 CGO/sec, 0.8/0.5 %(u/s)time, 0.0 %gc (1x), 25 KiB/21 KiB (r/w)net
I190606 21:58:14.809091 151 gossip/gossip.go:557  [n1] gossip status (ok, 1 node)
gossip client (0/3 cur/max conns)
gossip server (0/3 cur/max conns, infos 0/0 sent/received, bytes 0B/0B sent/received)
I190606 21:58:18.332073 155 server/status/runtime.go:500  [n1] runtime stats: 225 MiB RSS, 182 goroutines, 84 MiB/64 MiB/168 MiB GO alloc/idle/total, 55 MiB/67 MiB CGO alloc/total, 214.9 CGO/sec, 1.1/0.0 %(u/s)time, 0.0 %gc (0x), 16 KiB/21 KiB (r/w)net
I190606 21:58:28.678606 155 server/status/runtime.go:500  [n1] runtime stats: 226 MiB RSS, 183 goroutines, 91 MiB/59 MiB/168 MiB GO alloc/idle/total, 55 MiB/67 MiB CGO alloc/total, 192.1 CGO/sec, 0.8/0.5 %(u/s)time, 0.0 %gc (0x), 22 KiB/25 KiB (r/w)net
W190606 21:58:28.936345 174 storage/engine/rocksdb.go:2040  batch [2/182/2] commit took 554.0341ms (>= warning threshold 500ms)
W190606 21:58:28.936652 174 storage/store.go:3692  [n1,s1,r1/1:/{Min-System/NodeL…}] handle raft ready: 0.8s [processed=1]
W190606 21:58:28.937043 201 storage/store.go:3692  [n1,s1,r2/1:/System/NodeLiveness{-Max}] handle raft ready: 0.6s [processed=2]
W190606 21:58:33.839665 183 storage/store.go:3692  [n1,s1,r2/1:/System/NodeLiveness{-Max}] handle raft ready: 1.0s [processed=1]
W190606 21:58:33.839847 252 storage/node_liveness.go:523  [n1,hb] slow heartbeat took 1.0s
I190606 21:58:39.029019 155 server/status/runtime.go:500  [n1] runtime stats: 226 MiB RSS, 181 goroutines, 97 MiB/53 MiB/168 MiB GO alloc/idle/total, 55 MiB/67 MiB CGO alloc/total, 182.0 CGO/sec, 0.8/0.5 %(u/s)time, 0.0 %gc (0x), 48 KiB/29 KiB (r/w)net
I190606 21:58:49.394532 155 server/status/runtime.go:500  [n1] runtime stats: 226 MiB RSS, 181 goroutines, 103 MiB/48 MiB/168 MiB GO alloc/idle/total, 55 MiB/67 MiB CGO alloc/total, 201.8 CGO/sec, 0.9/0.4 %(u/s)time, 0.0 %gc (0x), 19 KiB/21 KiB (r/w)net
I190606 21:58:59.788039 155 server/status/runtime.go:500  [n1] runtime stats: 223 MiB RSS, 182 goroutines, 110 MiB/41 MiB/168 MiB GO alloc/idle/total, 55 MiB/67 MiB CGO alloc/total, 256.3 CGO/sec, 0.6/0.6 %(u/s)time, 0.0 %gc (0x), 36 KiB/31 KiB (r/w)net
I190606 21:59:11.801540 155 server/status/runtime.go:500  [n1] runtime stats: 224 MiB RSS, 182 goroutines, 116 MiB/35 MiB/168 MiB GO alloc/idle/total, 55 MiB/67 MiB CGO alloc/total, 162.0 CGO/sec, 1.2/0.6 %(u/s)time, 0.0 %gc (0x), 64 KiB/25 KiB (r/w)net
I190606 21:59:14.810566 151 gossip/gossip.go:557  [n1] gossip status (ok, 1 node)
gossip client (0/3 cur/max conns)
gossip server (0/3 cur/max conns, infos 0/0 sent/received, bytes 0B/0B sent/received)
I190606 21:59:22.230368 155 server/status/runtime.go:500  [n1] runtime stats: 224 MiB RSS, 181 goroutines, 122 MiB/30 MiB/168 MiB GO alloc/idle/total, 55 MiB/67 MiB CGO alloc/total, 216.9 CGO/sec, 1.6/2.2 %(u/s)time, 0.0 %gc (0x), 18 KiB/18 KiB (r/w)net
W190606 21:59:30.058153 175 storage/store.go:3692  [n1,s1,r2/1:/System/NodeLiveness{-Max}] handle raft ready: 3.2s [processed=1]
I190606 21:59:31.309834 252 storage/node_liveness.go:775  [n1,hb] retrying liveness update after storage.errRetryLiveness: result is ambiguous (context deadline exceeded)
W190606 21:59:31.309847 252 storage/node_liveness.go:523  [n1,hb] slow heartbeat took 4.5s
W190606 21:59:31.309868 252 storage/node_liveness.go:463  [n1,hb] failed node liveness heartbeat: operation "node liveness heartbeat" timed out after 4.5s
I190606 21:59:32.546079 155 server/status/runtime.go:500  [n1] runtime stats: 224 MiB RSS, 183 goroutines, 129 MiB/24 MiB/168 MiB GO alloc/idle/total, 55 MiB/67 MiB CGO alloc/total, 177.4 CGO/sec, 1.2/1.2 %(u/s)time, 0.0 %gc (0x), 614 B/266 B (r/w)net
W190606 21:59:32.941333 64 storage/closedts/provider/provider.go:156  [ct-closer] unable to move closed timestamp forward: not live
I190606 21:59:34.310187 2565 internal/client/txn.go:618  [n1] async rollback failed: context deadline exceeded
W190606 21:59:34.882926 172 storage/engine/rocksdb.go:2040  batch [2/324/0] commit took 3.6858703s (>= warning threshold 500ms)
W190606 21:59:35.811371 252 storage/node_liveness.go:523  [n1,hb] slow heartbeat took 4.5s
W190606 21:59:35.918639 252 storage/node_liveness.go:463  [n1,hb] failed node liveness heartbeat: context deadline exceeded
W190606 21:59:37.845872 122 storage/engine/rocksdb.go:2040  batch [2/141/0] commit took 2.9628652s (>= warning threshold 500ms)
W190606 21:59:37.846040 173 storage/store.go:3692  [n1,s1,r2/1:/System/NodeLiveness{-Max}] handle raft ready: 7.8s [processed=1]
W190606 21:59:37.891485 172 storage/store.go:3692  [n1,s1,r1/1:/{Min-System/NodeL…}] handle raft ready: 6.7s [processed=1]
W190606 21:59:38.166296 2581 storage/node_liveness.go:523  [n1,s1,r54/1:/System{/tsd/cr.n…-tse}] slow heartbeat took 2.7s
E190606 21:59:38.166313 2581 storage/replica_range_lease.go:292  [n1,s1,r54/1:/System{/tsd/cr.n…-tse}] heartbeat failed on epoch increment
W190606 21:59:38.166324 252 storage/node_liveness.go:523  [n1,hb] slow heartbeat took 2.2s
I190606 21:59:38.166344 252 storage/node_liveness.go:453  [n1,hb] heartbeat failed on epoch increment; retrying
W190606 21:59:38.166346 2596 storage/node_liveness.go:523  [n1,s1,r4/1:/System/tsd{-/cr.nod…}] slow heartbeat took 2.7s
E190606 21:59:38.166354 2596 storage/replica_range_lease.go:292  [n1,s1,r4/1:/System/tsd{-/cr.nod…}] heartbeat failed on epoch increment
W190606 21:59:38.166381 2599 storage/node_liveness.go:523  [n1,s1,r3/1:/System/{NodeLive…-tsd}] slow heartbeat took 2.2s
E190606 21:59:38.166389 2599 storage/replica_range_lease.go:292  [n1,s1,r3/1:/System/{NodeLive…-tsd}] heartbeat failed on epoch increment
I190606 21:59:39.466264 62 gossip/gossip.go:1510  [n1] node has connected to cluster via gossip
I190606 21:59:39.827064 2627 storage/replica_consistency.go:198  [n1,consistencyChecker,s1,r54/1:/System{/tsd/cr.n…-tse}] triggering stats recomputation to resolve delta of {ContainsEstimates:true LastUpdateNanos:1559858378166458400 IntentAge:0 GCBytesAge:0 LiveBytes:2751973 LiveCount:-274 KeyBytes:-12278 KeyCount:-274 ValBytes:2764251 ValCount:-274 IntentBytes:0 IntentCount:0 SysBytes:0 SysCount:0 XXX_NoUnkeyedLiteral:{} XXX_sizecache:0}
I190606 21:59:42.889476 155 server/status/runtime.go:500  [n1] runtime stats: 261 MiB RSS, 183 goroutines, 134 MiB/18 MiB/168 MiB GO alloc/idle/total, 86 MiB/105 MiB CGO alloc/total, 1568.9 CGO/sec, 6.7/2.1 %(u/s)time, 0.0 %gc (1x), 274 B/259 B (r/w)net
W190606 21:59:48.427162 177 storage/engine/rocksdb.go:2040  batch [2/173/0] commit took 960.8229ms (>= warning threshold 500ms)
W190606 21:59:48.817377 179 storage/store.go:3692  [n1,s1,r1/1:/{Min-System/NodeL…}] handle raft ready: 1.9s [processed=1]
W190606 21:59:48.817490 177 storage/store.go:3692  [n1,s1,r3/1:/System/{NodeLive…-tsd}] handle raft ready: 1.4s [processed=1]
I190606 21:59:53.247136 155 server/status/runtime.go:500  [n1] runtime stats: 261 MiB RSS, 182 goroutines, 103 MiB/45 MiB/168 MiB GO alloc/idle/total, 86 MiB/105 MiB CGO alloc/total, 198.0 CGO/sec, 1.5/1.7 %(u/s)time, 0.0 %gc (0x), 42 B/42 B (r/w)net
W190606 21:59:56.777493 193 storage/engine/rocksdb.go:2040  batch [2/32068/0] commit took 1.2199521s (>= warning threshold 500ms)
W190606 21:59:56.931218 195 storage/store.go:3692  [n1,s1,r3/1:/System/{NodeLive…-tsd}] handle raft ready: 1.7s [processed=1]
W190606 21:59:56.994976 193 storage/store.go:3692  [n1,s1,r54/1:/System{/tsd/cr.n…-tse}] handle raft ready: 1.4s [processed=1]
W190606 21:59:56.998619 207 storage/store.go:3692  [n1,s1,r4/1:/System/tsd{-/cr.nod…}] handle raft ready: 1.4s [processed=1]
W190606 21:59:59.635896 165 storage/engine/rocksdb.go:2040  batch [2/221/0] commit took 1.2764057s (>= warning threshold 500ms)
W190606 21:59:59.721209 201 storage/store.go:3692  [n1,s1,r1/1:/{Min-System/NodeL…}] handle raft ready: 1.5s [processed=1]
W190606 21:59:59.721668 165 storage/store.go:3692  [n1,s1,r2/1:/System/NodeLiveness{-Max}] handle raft ready: 1.4s [processed=1]
W190606 21:59:59.857015 252 storage/node_liveness.go:523  [n1,hb] slow heartbeat took 1.5s
I190606 22:00:03.595593 155 server/status/runtime.go:500  [n1] runtime stats: 261 MiB RSS, 183 goroutines, 110 MiB/39 MiB/168 MiB GO alloc/idle/total, 86 MiB/105 MiB CGO alloc/total, 180.6 CGO/sec, 1.4/0.8 %(u/s)time, 0.0 %gc (0x), 314 B/0 B (r/w)net
W190606 22:00:03.890916 184 storage/store.go:3692  [n1,s1,r2/1:/System/NodeLiveness{-Max}] handle raft ready: 1.0s [processed=1]
W190606 22:00:03.977503 252 storage/node_liveness.go:523  [n1,hb] slow heartbeat took 1.1s
I190606 22:00:13.932544 155 server/status/runtime.go:500  [n1] runtime stats: 262 MiB RSS, 182 goroutines, 117 MiB/33 MiB/168 MiB GO alloc/idle/total, 85 MiB/105 MiB CGO alloc/total, 189.4 CGO/sec, 0.5/1.1 %(u/s)time, 0.0 %gc (0x), 6.5 KiB/3.1 KiB (r/w)net
I190606 22:00:14.809142 151 gossip/gossip.go:557  [n1] gossip status (ok, 1 node)
gossip client (0/3 cur/max conns)
gossip server (0/3 cur/max conns, infos 0/0 sent/received, bytes 0B/0B sent/received)
W190606 22:00:16.639653 202 storage/engine/rocksdb.go:2040  batch [2/31787/0] commit took 1.1610951s (>= warning threshold 500ms)
W190606 22:00:16.666775 211 storage/store.go:3692  [n1,s1,r3/1:/System/{NodeLive…-tsd}] handle raft ready: 1.4s [processed=1]
W190606 22:00:16.717930 202 storage/store.go:3692  [n1,s1,r54/1:/System{/tsd/cr.n…-tse}] handle raft ready: 1.2s [processed=1]
W190606 22:00:16.720888 96 storage/store.go:3692  [n1,s1,r4/1:/System/tsd{-/cr.nod…}] handle raft ready: 1.2s [processed=1]
W190606 22:00:16.720922 212 storage/store.go:3692  [n1,s1,r1/1:/{Min-System/NodeL…}] handle raft ready: 0.5s [processed=1]
I190606 22:00:24.233621 155 server/status/runtime.go:500  [n1] runtime stats: 262 MiB RSS, 181 goroutines, 123 MiB/27 MiB/168 MiB GO alloc/idle/total, 86 MiB/105 MiB CGO alloc/total, 200.9 CGO/sec, 1.4/1.1 %(u/s)time, 0.0 %gc (0x), 342 B/840 B (r/w)net
I190606 22:00:34.668481 155 server/status/runtime.go:500  [n1] runtime stats: 262 MiB RSS, 181 goroutines, 130 MiB/21 MiB/168 MiB GO alloc/idle/total, 86 MiB/105 MiB CGO alloc/total, 179.6 CGO/sec, 1.0/0.7 %(u/s)time, 0.0 %gc (0x), 108 B/491 B (r/w)net
I190606 22:00:44.992746 155 server/status/runtime.go:500  [n1] runtime stats: 263 MiB RSS, 181 goroutines, 142 MiB/9.6 MiB/168 MiB GO alloc/idle/total, 86 MiB/105 MiB CGO alloc/total, 188.7 CGO/sec, 0.9/0.9 %(u/s)time, 0.0 %gc (0x), 300 B/0 B (r/w)net
W190606 22:00:48.507677 216 storage/store.go:3692  [n1,s1,r2/1:/System/NodeLiveness{-Max}] handle raft ready: 0.7s [processed=1]
I190606 22:00:55.285231 155 server/status/runtime.go:500  [n1] runtime stats: 263 MiB RSS, 182 goroutines, 148 MiB/4.1 MiB/168 MiB GO alloc/idle/total, 86 MiB/105 MiB CGO alloc/total, 206.4 CGO/sec, 0.9/1.2 %(u/s)time, 0.0 %gc (0x), 301 B/247 B (r/w)net
I190606 22:01:05.600246 155 server/status/runtime.go:500  [n1] runtime stats: 263 MiB RSS, 182 goroutines, 83 MiB/66 MiB/168 MiB GO alloc/idle/total, 86 MiB/105 MiB CGO alloc/total, 211.1 CGO/sec, 0.9/0.6 %(u/s)time, 0.0 %gc (1x), 426 B/392 B (r/w)net
I190606 22:01:14.814260 151 gossip/gossip.go:557  [n1] gossip status (ok, 1 node)
gossip client (0/3 cur/max conns)
gossip server (0/3 cur/max conns, infos 0/0 sent/received, bytes 0B/0B sent/received)
E190606 22:01:15.468719 133 storage/queue.go:930  [n1,replicate] 25 replicas failing with "0 of 1 live stores are able to take a new replica for the range (1 already has a replica); likely not enough nodes in cluster"
I190606 22:01:15.942452 155 server/status/runtime.go:500  [n1] runtime stats: 264 MiB RSS, 182 goroutines, 90 MiB/60 MiB/168 MiB GO alloc/idle/total, 86 MiB/106 MiB CGO alloc/total, 251.1 CGO/sec, 1.7/0.5 %(u/s)time, 0.0 %gc (0x), 288 B/309 B (r/w)net
